osmose[info] ----------------------------------------------
osmose[info] OSMOSE: Modelling Exploited Marine Ecosystems
osmose[info]         http://www.osmose-model.org
osmose[info] ----------------------------------------------
osmose[info] Software version: 4.4.1
osmose[info] Running configuration osmose-calibration.osm
osmose[info] Loading parameters from /gpfs/home/xiangyyang/XYData/E2E/OSMOSE_HRENYB/calibration_05-20-2025/master/osmose-calibration.osm
osmose[info] . Loading parameters from /gpfs/home/xiangyyang/XYData/E2E/OSMOSE_HRENYB/calibration_05-20-2025/master/calibration_parameters.osm
osmose[info] . Loading parameters from /gpfs/home/xiangyyang/XYData/E2E/OSMOSE_HRENYB/calibration_05-20-2025/master/output-configuration.osm
osmose[warn] . . Osmose will ignore parameter output.fishing.accessible.biomass = FALSE (from /gpfs/home/xiangyyang/XYData/E2E/OSMOSE_HRENYB/calibration_05-20-2025/master/output-configuration.osm line 15)
osmose[warn] . . Parameter already defined output.fishing.accessible.biomass = FALSE (from /gpfs/home/xiangyyang/XYData/E2E/OSMOSE_HRENYB/calibration_05-20-2025/master/output-configuration.osm line 13)
osmose[warn] . . Osmose will ignore parameter output.fishing.harvested.biomass = FALSE (from /gpfs/home/xiangyyang/XYData/E2E/OSMOSE_HRENYB/calibration_05-20-2025/master/output-configuration.osm line 16)
osmose[warn] . . Parameter already defined output.fishing.harvested.biomass = FALSE (from /gpfs/home/xiangyyang/XYData/E2E/OSMOSE_HRENYB/calibration_05-20-2025/master/output-configuration.osm line 14)
osmose[warn] . . Osmose will ignore parameter output.meansize.byage.enabled = FALSE (from /gpfs/home/xiangyyang/XYData/E2E/OSMOSE_HRENYB/calibration_05-20-2025/master/output-configuration.osm line 93)
osmose[warn] . . Parameter already defined output.meansize.byage.enabled = TRUE (from /gpfs/home/xiangyyang/XYData/E2E/OSMOSE_HRENYB/calibration_05-20-2025/master/output-configuration.osm line 7)
osmose[info] . Loading parameters from /gpfs/home/xiangyyang/XYData/E2E/OSMOSE_HRENYB/osm_all-parameters.csv
osmose[info] . . Loading parameters from /gpfs/home/xiangyyang/XYData/E2E/OSMOSE_HRENYB/osm_param-simulation.csv
osmose[info] . . Loading parameters from /gpfs/home/xiangyyang/XYData/E2E/OSMOSE_HRENYB/osm_param-output.csv
osmose[warn] . . . Osmose will ignore parameter output.restart.enabled = false (from /gpfs/home/xiangyyang/XYData/E2E/OSMOSE_HRENYB/osm_param-output.csv line 13)
osmose[warn] . . . Parameter already defined output.restart.enabled = FALSE (from /gpfs/home/xiangyyang/XYData/E2E/OSMOSE_HRENYB/calibration_05-20-2025/master/output-configuration.osm line 12)
osmose[warn] . . . Osmose will ignore parameter output.biomass.enabled = true (from /gpfs/home/xiangyyang/XYData/E2E/OSMOSE_HRENYB/osm_param-output.csv line 16)
osmose[warn] . . . Parameter already defined output.biomass.enabled = TRUE (from /gpfs/home/xiangyyang/XYData/E2E/OSMOSE_HRENYB/calibration_05-20-2025/master/output-configuration.osm line 4)
osmose[warn] . . . Osmose will ignore parameter output.biomass.bysize.enabled = true (from /gpfs/home/xiangyyang/XYData/E2E/OSMOSE_HRENYB/osm_param-output.csv line 17)
osmose[warn] . . . Parameter already defined output.biomass.bysize.enabled = FALSE (from /gpfs/home/xiangyyang/XYData/E2E/OSMOSE_HRENYB/calibration_05-20-2025/master/output-configuration.osm line 21)
osmose[warn] . . . Osmose will ignore parameter output.biomass.byage.enabled = true (from /gpfs/home/xiangyyang/XYData/E2E/OSMOSE_HRENYB/osm_param-output.csv line 18)
osmose[warn] . . . Parameter already defined output.biomass.byage.enabled = FALSE (from /gpfs/home/xiangyyang/XYData/E2E/OSMOSE_HRENYB/calibration_05-20-2025/master/output-configuration.osm line 22)
osmose[warn] . . . Osmose will ignore parameter output.abundance.enabled = true (from /gpfs/home/xiangyyang/XYData/E2E/OSMOSE_HRENYB/osm_param-output.csv line 21)
osmose[warn] . . . Parameter already defined output.abundance.enabled = FALSE (from /gpfs/home/xiangyyang/XYData/E2E/OSMOSE_HRENYB/calibration_05-20-2025/master/output-configuration.osm line 45)
osmose[warn] . . . Osmose will ignore parameter output.abundance.bysize.enabled = false (from /gpfs/home/xiangyyang/XYData/E2E/OSMOSE_HRENYB/osm_param-output.csv line 22)
osmose[warn] . . . Parameter already defined output.abundance.bysize.enabled = FALSE (from /gpfs/home/xiangyyang/XYData/E2E/OSMOSE_HRENYB/calibration_05-20-2025/master/output-configuration.osm line 47)
osmose[warn] . . . Osmose will ignore parameter output.abundance.byage.enabled = false (from /gpfs/home/xiangyyang/XYData/E2E/OSMOSE_HRENYB/osm_param-output.csv line 23)
osmose[warn] . . . Parameter already defined output.abundance.byage.enabled = FALSE (from /gpfs/home/xiangyyang/XYData/E2E/OSMOSE_HRENYB/calibration_05-20-2025/master/output-configuration.osm line 48)
osmose[warn] . . . Osmose will ignore parameter output.mortality.enabled = true (from /gpfs/home/xiangyyang/XYData/E2E/OSMOSE_HRENYB/osm_param-output.csv line 26)
osmose[warn] . . . Parameter already defined output.mortality.enabled = FALSE (from /gpfs/home/xiangyyang/XYData/E2E/OSMOSE_HRENYB/calibration_05-20-2025/master/output-configuration.osm line 76)
osmose[warn] . . . Osmose will ignore parameter output.mortality.perspecies.byage.enabled = false (from /gpfs/home/xiangyyang/XYData/E2E/OSMOSE_HRENYB/osm_param-output.csv line 27)
osmose[warn] . . . Parameter already defined output.mortality.perspecies.byage.enabled = TRUE (from /gpfs/home/xiangyyang/XYData/E2E/OSMOSE_HRENYB/calibration_05-20-2025/master/output-configuration.osm line 8)
osmose[warn] . . . Osmose will ignore parameter output.mortality.perspecies.bysize.enabled = false (from /gpfs/home/xiangyyang/XYData/E2E/OSMOSE_HRENYB/osm_param-output.csv line 28)
osmose[warn] . . . Parameter already defined output.mortality.perspecies.bysize.enabled = FALSE (from /gpfs/home/xiangyyang/XYData/E2E/OSMOSE_HRENYB/calibration_05-20-2025/master/output-configuration.osm line 77)
osmose[warn] . . . Osmose will ignore parameter output.yield.biomass.enabled = true (from /gpfs/home/xiangyyang/XYData/E2E/OSMOSE_HRENYB/osm_param-output.csv line 31)
osmose[warn] . . . Parameter already defined output.yield.biomass.enabled = TRUE (from /gpfs/home/xiangyyang/XYData/E2E/OSMOSE_HRENYB/calibration_05-20-2025/master/output-configuration.osm line 5)
osmose[warn] . . . Osmose will ignore parameter output.yield.abundance.enabled = false (from /gpfs/home/xiangyyang/XYData/E2E/OSMOSE_HRENYB/osm_param-output.csv line 32)
osmose[warn] . . . Parameter already defined output.yield.abundance.enabled = FALSE (from /gpfs/home/xiangyyang/XYData/E2E/OSMOSE_HRENYB/calibration_05-20-2025/master/output-configuration.osm line 34)
osmose[warn] . . . Osmose will ignore parameter output.size.enabled = true (from /gpfs/home/xiangyyang/XYData/E2E/OSMOSE_HRENYB/osm_param-output.csv line 40)
osmose[warn] . . . Parameter already defined output.size.enabled = FALSE (from /gpfs/home/xiangyyang/XYData/E2E/OSMOSE_HRENYB/calibration_05-20-2025/master/output-configuration.osm line 84)
osmose[warn] . . . Osmose will ignore parameter output.size.catch.enabled = false (from /gpfs/home/xiangyyang/XYData/E2E/OSMOSE_HRENYB/osm_param-output.csv line 41)
osmose[warn] . . . Parameter already defined output.size.catch.enabled = FALSE (from /gpfs/home/xiangyyang/XYData/E2E/OSMOSE_HRENYB/calibration_05-20-2025/master/output-configuration.osm line 85)
osmose[warn] . . . Osmose will ignore parameter output.meansize.byage.enabled = false (from /gpfs/home/xiangyyang/XYData/E2E/OSMOSE_HRENYB/osm_param-output.csv line 42)
osmose[warn] . . . Parameter already defined output.meansize.byage.enabled = TRUE (from /gpfs/home/xiangyyang/XYData/E2E/OSMOSE_HRENYB/calibration_05-20-2025/master/output-configuration.osm line 7)
osmose[warn] . . . Osmose will ignore parameter output.tl.enabled = true (from /gpfs/home/xiangyyang/XYData/E2E/OSMOSE_HRENYB/osm_param-output.csv line 45)
osmose[warn] . . . Parameter already defined output.tl.enabled = FALSE (from /gpfs/home/xiangyyang/XYData/E2E/OSMOSE_HRENYB/calibration_05-20-2025/master/output-configuration.osm line 86)
osmose[warn] . . . Osmose will ignore parameter output.tl.catch.enabled = false (from /gpfs/home/xiangyyang/XYData/E2E/OSMOSE_HRENYB/osm_param-output.csv line 46)
osmose[warn] . . . Parameter already defined output.tl.catch.enabled = FALSE (from /gpfs/home/xiangyyang/XYData/E2E/OSMOSE_HRENYB/calibration_05-20-2025/master/output-configuration.osm line 87)
osmose[warn] . . . Osmose will ignore parameter output.biomass.bytl.enabled = false (from /gpfs/home/xiangyyang/XYData/E2E/OSMOSE_HRENYB/osm_param-output.csv line 47)
osmose[warn] . . . Parameter already defined output.biomass.bytl.enabled = FALSE (from /gpfs/home/xiangyyang/XYData/E2E/OSMOSE_HRENYB/calibration_05-20-2025/master/output-configuration.osm line 23)
osmose[warn] . . . Osmose will ignore parameter output.meantl.bysize.enabled = false (from /gpfs/home/xiangyyang/XYData/E2E/OSMOSE_HRENYB/osm_param-output.csv line 48)
osmose[warn] . . . Parameter already defined output.meantl.bysize.enabled = FALSE (from /gpfs/home/xiangyyang/XYData/E2E/OSMOSE_HRENYB/calibration_05-20-2025/master/output-configuration.osm line 91)
osmose[warn] . . . Osmose will ignore parameter output.meantl.byage.enabled = false (from /gpfs/home/xiangyyang/XYData/E2E/OSMOSE_HRENYB/osm_param-output.csv line 49)
osmose[warn] . . . Parameter already defined output.meantl.byage.enabled = FALSE (from /gpfs/home/xiangyyang/XYData/E2E/OSMOSE_HRENYB/calibration_05-20-2025/master/output-configuration.osm line 92)
osmose[warn] . . . Osmose will ignore parameter output.diet.composition.enabled = true (from /gpfs/home/xiangyyang/XYData/E2E/OSMOSE_HRENYB/osm_param-output.csv line 52)
osmose[warn] . . . Parameter already defined output.diet.composition.enabled = FALSE (from /gpfs/home/xiangyyang/XYData/E2E/OSMOSE_HRENYB/calibration_05-20-2025/master/output-configuration.osm line 98)
osmose[warn] . . . Osmose will ignore parameter output.diet.composition.byage.enabled = false (from /gpfs/home/xiangyyang/XYData/E2E/OSMOSE_HRENYB/osm_param-output.csv line 53)
osmose[warn] . . . Parameter already defined output.diet.composition.byage.enabled = FALSE (from /gpfs/home/xiangyyang/XYData/E2E/OSMOSE_HRENYB/calibration_05-20-2025/master/output-configuration.osm line 99)
osmose[warn] . . . Osmose will ignore parameter output.diet.composition.bysize.enabled = false (from /gpfs/home/xiangyyang/XYData/E2E/OSMOSE_HRENYB/osm_param-output.csv line 54)
osmose[warn] . . . Parameter already defined output.diet.composition.bysize.enabled = FALSE (from /gpfs/home/xiangyyang/XYData/E2E/OSMOSE_HRENYB/calibration_05-20-2025/master/output-configuration.osm line 100)
osmose[warn] . . . Osmose will ignore parameter output.diet.pressure.enabled = true (from /gpfs/home/xiangyyang/XYData/E2E/OSMOSE_HRENYB/osm_param-output.csv line 55)
osmose[warn] . . . Parameter already defined output.diet.pressure.enabled = FALSE (from /gpfs/home/xiangyyang/XYData/E2E/OSMOSE_HRENYB/calibration_05-20-2025/master/output-configuration.osm line 101)
osmose[warn] . . . Osmose will ignore parameter output.diet.pressure.byage.enabled = false (from /gpfs/home/xiangyyang/XYData/E2E/OSMOSE_HRENYB/osm_param-output.csv line 56)
osmose[warn] . . . Parameter already defined output.diet.pressure.byage.enabled = FALSE (from /gpfs/home/xiangyyang/XYData/E2E/OSMOSE_HRENYB/calibration_05-20-2025/master/output-configuration.osm line 102)
osmose[warn] . . . Osmose will ignore parameter output.diet.pressure.bysize.enabled = false (from /gpfs/home/xiangyyang/XYData/E2E/OSMOSE_HRENYB/osm_param-output.csv line 57)
osmose[warn] . . . Parameter already defined output.diet.pressure.bysize.enabled = FALSE (from /gpfs/home/xiangyyang/XYData/E2E/OSMOSE_HRENYB/calibration_05-20-2025/master/output-configuration.osm line 103)
osmose[warn] . . . Osmose will ignore parameter output.spatial.enabled = false (from /gpfs/home/xiangyyang/XYData/E2E/OSMOSE_HRENYB/osm_param-output.csv line 60)
osmose[warn] . . . Parameter already defined output.spatial.enabled = FALSE (from /gpfs/home/xiangyyang/XYData/E2E/OSMOSE_HRENYB/calibration_05-20-2025/master/output-configuration.osm line 63)
osmose[warn] . . . Osmose will ignore parameter output.spatial.ltl.enabled = false (from /gpfs/home/xiangyyang/XYData/E2E/OSMOSE_HRENYB/osm_param-output.csv line 61)
osmose[warn] . . . Parameter already defined output.spatial.ltl.enabled = FALSE (from /gpfs/home/xiangyyang/XYData/E2E/OSMOSE_HRENYB/calibration_05-20-2025/master/output-configuration.osm line 64)
osmose[warn] . . . Osmose will ignore parameter output.step0.include = false (from /gpfs/home/xiangyyang/XYData/E2E/OSMOSE_HRENYB/osm_param-output.csv line 65)
osmose[warn] . . . Parameter already defined output.step0.include = FALSE (from /gpfs/home/xiangyyang/XYData/E2E/OSMOSE_HRENYB/osm_param-output.csv line 6)
osmose[warn] . . . Osmose will ignore parameter output.spatialbiomass.enabled = false (from /gpfs/home/xiangyyang/XYData/E2E/OSMOSE_HRENYB/osm_param-output.csv line 123)
osmose[warn] . . . Parameter already defined output.spatialbiomass.enabled = FALSE (from /gpfs/home/xiangyyang/XYData/E2E/OSMOSE_HRENYB/calibration_05-20-2025/master/output-configuration.osm line 66)
osmose[warn] . . . Osmose will ignore parameter output.spatialtl.enabled = false (from /gpfs/home/xiangyyang/XYData/E2E/OSMOSE_HRENYB/osm_param-output.csv line 124)
osmose[warn] . . . Parameter already defined output.spatialtl.enabled = FALSE (from /gpfs/home/xiangyyang/XYData/E2E/OSMOSE_HRENYB/calibration_05-20-2025/master/output-configuration.osm line 68)
osmose[info] . . Loading parameters from /gpfs/home/xiangyyang/XYData/E2E/OSMOSE_HRENYB/osm_param-movement.csv
osmose[info] . . Loading parameters from /gpfs/home/xiangyyang/XYData/E2E/OSMOSE_HRENYB/osm_param-mpa.csv
osmose[info] . . Loading parameters from /gpfs/home/xiangyyang/XYData/E2E/OSMOSE_HRENYB/nyb_param-fishing.R
osmose[warn] . . . Osmose will ignore parameter fisheries.selectivity.l50.fsh0 = 16.7 (from /gpfs/home/xiangyyang/XYData/E2E/OSMOSE_HRENYB/nyb_param-fishing.R line 31)
osmose[warn] . . . Parameter already defined fisheries.selectivity.l50.fsh0 = 16.7 (from /gpfs/home/xiangyyang/XYData/E2E/OSMOSE_HRENYB/calibration_05-20-2025/master/calibration_parameters.osm line 100)
osmose[warn] . . . Osmose will ignore parameter fisheries.selectivity.l50.fsh1 = 28.7 (from /gpfs/home/xiangyyang/XYData/E2E/OSMOSE_HRENYB/nyb_param-fishing.R line 33)
osmose[warn] . . . Parameter already defined fisheries.selectivity.l50.fsh1 = 28.7 (from /gpfs/home/xiangyyang/XYData/E2E/OSMOSE_HRENYB/calibration_05-20-2025/master/calibration_parameters.osm line 103)
osmose[warn] . . . Osmose will ignore parameter fisheries.selectivity.l50.fsh2 = 41.91 (from /gpfs/home/xiangyyang/XYData/E2E/OSMOSE_HRENYB/nyb_param-fishing.R line 35)
osmose[warn] . . . Parameter already defined fisheries.selectivity.l50.fsh2 = 41.91 (from /gpfs/home/xiangyyang/XYData/E2E/OSMOSE_HRENYB/calibration_05-20-2025/master/calibration_parameters.osm line 106)
osmose[warn] . . . Osmose will ignore parameter fisheries.selectivity.l50.fsh3 = 25.4 (from /gpfs/home/xiangyyang/XYData/E2E/OSMOSE_HRENYB/nyb_param-fishing.R line 37)
osmose[warn] . . . Parameter already defined fisheries.selectivity.l50.fsh3 = 25.4 (from /gpfs/home/xiangyyang/XYData/E2E/OSMOSE_HRENYB/calibration_05-20-2025/master/calibration_parameters.osm line 109)
osmose[warn] . . . Osmose will ignore parameter fisheries.selectivity.l50.fsh4 = 50 (from /gpfs/home/xiangyyang/XYData/E2E/OSMOSE_HRENYB/nyb_param-fishing.R line 39)
osmose[warn] . . . Parameter already defined fisheries.selectivity.l50.fsh4 = 50 (from /gpfs/home/xiangyyang/XYData/E2E/OSMOSE_HRENYB/calibration_05-20-2025/master/calibration_parameters.osm line 112)
osmose[warn] . . . Osmose will ignore parameter fisheries.selectivity.l50.fsh5 = 71.1 (from /gpfs/home/xiangyyang/XYData/E2E/OSMOSE_HRENYB/nyb_param-fishing.R line 41)
osmose[warn] . . . Parameter already defined fisheries.selectivity.l50.fsh5 = 71.1 (from /gpfs/home/xiangyyang/XYData/E2E/OSMOSE_HRENYB/calibration_05-20-2025/master/calibration_parameters.osm line 115)
osmose[warn] . . . Osmose will ignore parameter fisheries.selectivity.l50.fsh6 = 43.2 (from /gpfs/home/xiangyyang/XYData/E2E/OSMOSE_HRENYB/nyb_param-fishing.R line 43)
osmose[warn] . . . Parameter already defined fisheries.selectivity.l50.fsh6 = 43.2 (from /gpfs/home/xiangyyang/XYData/E2E/OSMOSE_HRENYB/calibration_05-20-2025/master/calibration_parameters.osm line 118)
osmose[warn] . . . Osmose will ignore parameter fisheries.selectivity.l50.fsh7 = 45.7 (from /gpfs/home/xiangyyang/XYData/E2E/OSMOSE_HRENYB/nyb_param-fishing.R line 45)
osmose[warn] . . . Parameter already defined fisheries.selectivity.l50.fsh7 = 45.7 (from /gpfs/home/xiangyyang/XYData/E2E/OSMOSE_HRENYB/calibration_05-20-2025/master/calibration_parameters.osm line 121)
osmose[warn] . . . Osmose will ignore parameter fisheries.selectivity.l50.fsh8 = 30.5 (from /gpfs/home/xiangyyang/XYData/E2E/OSMOSE_HRENYB/nyb_param-fishing.R line 47)
osmose[warn] . . . Parameter already defined fisheries.selectivity.l50.fsh8 = 30.5 (from /gpfs/home/xiangyyang/XYData/E2E/OSMOSE_HRENYB/calibration_05-20-2025/master/calibration_parameters.osm line 124)
osmose[warn] . . . Osmose will ignore parameter fisheries.selectivity.l50.fsh9 = 15 (from /gpfs/home/xiangyyang/XYData/E2E/OSMOSE_HRENYB/nyb_param-fishing.R line 49)
osmose[warn] . . . Parameter already defined fisheries.selectivity.l50.fsh9 = 15 (from /gpfs/home/xiangyyang/XYData/E2E/OSMOSE_HRENYB/calibration_05-20-2025/master/calibration_parameters.osm line 127)
osmose[warn] . . . Osmose will ignore parameter fisheries.selectivity.l50.fsh10 = 49.53 (from /gpfs/home/xiangyyang/XYData/E2E/OSMOSE_HRENYB/nyb_param-fishing.R line 51)
osmose[warn] . . . Parameter already defined fisheries.selectivity.l50.fsh10 = 49.53 (from /gpfs/home/xiangyyang/XYData/E2E/OSMOSE_HRENYB/calibration_05-20-2025/master/calibration_parameters.osm line 130)
osmose[warn] . . . Osmose will ignore parameter fisheries.selectivity.l50.fsh11 = 37.5 (from /gpfs/home/xiangyyang/XYData/E2E/OSMOSE_HRENYB/nyb_param-fishing.R line 53)
osmose[warn] . . . Parameter already defined fisheries.selectivity.l50.fsh11 = 37.5 (from /gpfs/home/xiangyyang/XYData/E2E/OSMOSE_HRENYB/calibration_05-20-2025/master/calibration_parameters.osm line 133)
osmose[warn] . . . Osmose will ignore parameter fisheries.selectivity.l50.fsh12 = 23.2 (from /gpfs/home/xiangyyang/XYData/E2E/OSMOSE_HRENYB/nyb_param-fishing.R line 55)
osmose[warn] . . . Parameter already defined fisheries.selectivity.l50.fsh12 = 23.2 (from /gpfs/home/xiangyyang/XYData/E2E/OSMOSE_HRENYB/calibration_05-20-2025/master/calibration_parameters.osm line 136)
osmose[warn] . . . Osmose will ignore parameter fisheries.selectivity.l50.fsh13 = 4 (from /gpfs/home/xiangyyang/XYData/E2E/OSMOSE_HRENYB/nyb_param-fishing.R line 57)
osmose[warn] . . . Parameter already defined fisheries.selectivity.l50.fsh13 = 4 (from /gpfs/home/xiangyyang/XYData/E2E/OSMOSE_HRENYB/calibration_05-20-2025/master/calibration_parameters.osm line 139)
osmose[warn] . . . Osmose will ignore parameter fisheries.selectivity.l50.fsh14 = 17.5 (from /gpfs/home/xiangyyang/XYData/E2E/OSMOSE_HRENYB/nyb_param-fishing.R line 59)
osmose[warn] . . . Parameter already defined fisheries.selectivity.l50.fsh14 = 17.5 (from /gpfs/home/xiangyyang/XYData/E2E/OSMOSE_HRENYB/calibration_05-20-2025/master/calibration_parameters.osm line 142)
osmose[warn] . . . Osmose will ignore parameter fisheries.selectivity.l50.fsh15 = 22.1 (from /gpfs/home/xiangyyang/XYData/E2E/OSMOSE_HRENYB/nyb_param-fishing.R line 61)
osmose[warn] . . . Parameter already defined fisheries.selectivity.l50.fsh15 = 22.1 (from /gpfs/home/xiangyyang/XYData/E2E/OSMOSE_HRENYB/calibration_05-20-2025/master/calibration_parameters.osm line 145)
osmose[warn] . . . Osmose will ignore parameter fisheries.rate.base.fsh0 = 0.498 (from /gpfs/home/xiangyyang/XYData/E2E/OSMOSE_HRENYB/nyb_param-fishing.R line 69)
osmose[warn] . . . Parameter already defined fisheries.rate.base.fsh0 = 0.498 (from /gpfs/home/xiangyyang/XYData/E2E/OSMOSE_HRENYB/calibration_05-20-2025/master/calibration_parameters.osm line 98)
osmose[warn] . . . Osmose will ignore parameter fisheries.rate.base.fsh1 = 0.847 (from /gpfs/home/xiangyyang/XYData/E2E/OSMOSE_HRENYB/nyb_param-fishing.R line 70)
osmose[warn] . . . Parameter already defined fisheries.rate.base.fsh1 = 0.847 (from /gpfs/home/xiangyyang/XYData/E2E/OSMOSE_HRENYB/calibration_05-20-2025/master/calibration_parameters.osm line 101)
osmose[warn] . . . Osmose will ignore parameter fisheries.rate.base.fsh2 = 0.512 (from /gpfs/home/xiangyyang/XYData/E2E/OSMOSE_HRENYB/nyb_param-fishing.R line 71)
osmose[warn] . . . Parameter already defined fisheries.rate.base.fsh2 = 0.512 (from /gpfs/home/xiangyyang/XYData/E2E/OSMOSE_HRENYB/calibration_05-20-2025/master/calibration_parameters.osm line 104)
osmose[warn] . . . Osmose will ignore parameter fisheries.rate.base.fsh3 = 0.105 (from /gpfs/home/xiangyyang/XYData/E2E/OSMOSE_HRENYB/nyb_param-fishing.R line 72)
osmose[warn] . . . Parameter already defined fisheries.rate.base.fsh3 = 0.105 (from /gpfs/home/xiangyyang/XYData/E2E/OSMOSE_HRENYB/calibration_05-20-2025/master/calibration_parameters.osm line 107)
osmose[warn] . . . Osmose will ignore parameter fisheries.rate.base.fsh4 = 0.031 (from /gpfs/home/xiangyyang/XYData/E2E/OSMOSE_HRENYB/nyb_param-fishing.R line 73)
osmose[warn] . . . Parameter already defined fisheries.rate.base.fsh4 = 0.031 (from /gpfs/home/xiangyyang/XYData/E2E/OSMOSE_HRENYB/calibration_05-20-2025/master/calibration_parameters.osm line 110)
osmose[warn] . . . Osmose will ignore parameter fisheries.rate.base.fsh5 = 0.27 (from /gpfs/home/xiangyyang/XYData/E2E/OSMOSE_HRENYB/nyb_param-fishing.R line 74)
osmose[warn] . . . Parameter already defined fisheries.rate.base.fsh5 = 0.270000000000001 (from /gpfs/home/xiangyyang/XYData/E2E/OSMOSE_HRENYB/calibration_05-20-2025/master/calibration_parameters.osm line 113)
osmose[warn] . . . Osmose will ignore parameter fisheries.rate.base.fsh6 = 0.1 (from /gpfs/home/xiangyyang/XYData/E2E/OSMOSE_HRENYB/nyb_param-fishing.R line 75)
osmose[warn] . . . Parameter already defined fisheries.rate.base.fsh6 = 0.0999999999999996 (from /gpfs/home/xiangyyang/XYData/E2E/OSMOSE_HRENYB/calibration_05-20-2025/master/calibration_parameters.osm line 116)
osmose[warn] . . . Osmose will ignore parameter fisheries.rate.base.fsh7 = 0.267 (from /gpfs/home/xiangyyang/XYData/E2E/OSMOSE_HRENYB/nyb_param-fishing.R line 76)
osmose[warn] . . . Parameter already defined fisheries.rate.base.fsh7 = 0.266999999999999 (from /gpfs/home/xiangyyang/XYData/E2E/OSMOSE_HRENYB/calibration_05-20-2025/master/calibration_parameters.osm line 119)
osmose[warn] . . . Osmose will ignore parameter fisheries.rate.base.fsh8 = 0.269 (from /gpfs/home/xiangyyang/XYData/E2E/OSMOSE_HRENYB/nyb_param-fishing.R line 77)
osmose[warn] . . . Parameter already defined fisheries.rate.base.fsh8 = 0.268999999999999 (from /gpfs/home/xiangyyang/XYData/E2E/OSMOSE_HRENYB/calibration_05-20-2025/master/calibration_parameters.osm line 122)
osmose[warn] . . . Osmose will ignore parameter fisheries.rate.base.fsh9 = 0.17 (from /gpfs/home/xiangyyang/XYData/E2E/OSMOSE_HRENYB/nyb_param-fishing.R line 78)
osmose[warn] . . . Parameter already defined fisheries.rate.base.fsh9 = 0.169999999999999 (from /gpfs/home/xiangyyang/XYData/E2E/OSMOSE_HRENYB/calibration_05-20-2025/master/calibration_parameters.osm line 125)
osmose[warn] . . . Osmose will ignore parameter fisheries.rate.base.fsh10 = 0.412 (from /gpfs/home/xiangyyang/XYData/E2E/OSMOSE_HRENYB/nyb_param-fishing.R line 79)
osmose[warn] . . . Parameter already defined fisheries.rate.base.fsh10 = 0.412 (from /gpfs/home/xiangyyang/XYData/E2E/OSMOSE_HRENYB/calibration_05-20-2025/master/calibration_parameters.osm line 128)
osmose[warn] . . . Osmose will ignore parameter fisheries.rate.base.fsh11 = 0.35 (from /gpfs/home/xiangyyang/XYData/E2E/OSMOSE_HRENYB/nyb_param-fishing.R line 80)
osmose[warn] . . . Parameter already defined fisheries.rate.base.fsh11 = 0.349999999999999 (from /gpfs/home/xiangyyang/XYData/E2E/OSMOSE_HRENYB/calibration_05-20-2025/master/calibration_parameters.osm line 131)
osmose[warn] . . . Osmose will ignore parameter fisheries.rate.base.fsh12 = 4.37 (from /gpfs/home/xiangyyang/XYData/E2E/OSMOSE_HRENYB/nyb_param-fishing.R line 81)
osmose[warn] . . . Parameter already defined fisheries.rate.base.fsh12 = 4.37 (from /gpfs/home/xiangyyang/XYData/E2E/OSMOSE_HRENYB/calibration_05-20-2025/master/calibration_parameters.osm line 134)
osmose[warn] . . . Osmose will ignore parameter fisheries.rate.base.fsh13 = 0.098 (from /gpfs/home/xiangyyang/XYData/E2E/OSMOSE_HRENYB/nyb_param-fishing.R line 82)
osmose[warn] . . . Parameter already defined fisheries.rate.base.fsh13 = 0.0980000000000005 (from /gpfs/home/xiangyyang/XYData/E2E/OSMOSE_HRENYB/calibration_05-20-2025/master/calibration_parameters.osm line 137)
osmose[warn] . . . Osmose will ignore parameter fisheries.rate.base.fsh14 = 0.273 (from /gpfs/home/xiangyyang/XYData/E2E/OSMOSE_HRENYB/nyb_param-fishing.R line 83)
osmose[warn] . . . Parameter already defined fisheries.rate.base.fsh14 = 0.272999999999999 (from /gpfs/home/xiangyyang/XYData/E2E/OSMOSE_HRENYB/calibration_05-20-2025/master/calibration_parameters.osm line 140)
osmose[warn] . . . Osmose will ignore parameter fisheries.rate.base.fsh15 = 0.135 (from /gpfs/home/xiangyyang/XYData/E2E/OSMOSE_HRENYB/nyb_param-fishing.R line 84)
osmose[warn] . . . Parameter already defined fisheries.rate.base.fsh15 = 0.135 (from /gpfs/home/xiangyyang/XYData/E2E/OSMOSE_HRENYB/calibration_05-20-2025/master/calibration_parameters.osm line 143)
osmose[warn] . . . Osmose will ignore parameter fisheries.rate.byperiod.fsh0 = 0.498 (from /gpfs/home/xiangyyang/XYData/E2E/OSMOSE_HRENYB/nyb_param-fishing.R line 105)
osmose[warn] . . . Parameter already defined fisheries.rate.byperiod.fsh0 = 0.498,0.498,0.498,0.498,0.498,0.498,0.498,0.498,0.498,0.498,0.498,0.498,0.498,0.498,0.498,0.498,0.498,0.498,0.498,0.498,0.498,0.498,0.498,0.498,0.498,0.498,0.498,0.498,0.498,0.498,0.498,0.498,0.498,0.498,0.498,0.498,0.498,0.498,0.498,0.498,0.498,0.498,0.498,0.498,0.498,0.498,0.498,0.498,0.498,0.498,0.498,0.498,0.498,0.498,0.498,0.498,0.498,0.498,0.498,0.498,0.498,0.498,0.498,0.498,0.498,0.498,0.498,0.498,0.498,0.498,0.498,0.498,0.498,0.498,0.498,0.498,0.498,0.498,0.498,0.498 (from /gpfs/home/xiangyyang/XYData/E2E/OSMOSE_HRENYB/calibration_05-20-2025/master/calibration_parameters.osm line 99)
osmose[warn] . . . Osmose will ignore parameter fisheries.rate.byperiod.fsh1 = 0.847 (from /gpfs/home/xiangyyang/XYData/E2E/OSMOSE_HRENYB/nyb_param-fishing.R line 106)
osmose[warn] . . . Parameter already defined fisheries.rate.byperiod.fsh1 = 0.847,0.847,0.847,0.847,0.847,0.847,0.847,0.847,0.847,0.847,0.847,0.847,0.847,0.847,0.847,0.847,0.847,0.847,0.847,0.847,0.847,0.847,0.847,0.847,0.847,0.847,0.847,0.847,0.847,0.847,0.847,0.847,0.847,0.847,0.847,0.847,0.847,0.847,0.847,0.847,0.847,0.847,0.847,0.847,0.847,0.847,0.847,0.847,0.847,0.847,0.847,0.847,0.847,0.847,0.847,0.847,0.847,0.847,0.847,0.847,0.847,0.847,0.847,0.847,0.847,0.847,0.847,0.847,0.847,0.847,0.847,0.847,0.847,0.847,0.847,0.847,0.847,0.847,0.847,0.847 (from /gpfs/home/xiangyyang/XYData/E2E/OSMOSE_HRENYB/calibration_05-20-2025/master/calibration_parameters.osm line 102)
osmose[warn] . . . Osmose will ignore parameter fisheries.rate.byperiod.fsh2 = 0.512 (from /gpfs/home/xiangyyang/XYData/E2E/OSMOSE_HRENYB/nyb_param-fishing.R line 107)
osmose[warn] . . . Parameter already defined fisheries.rate.byperiod.fsh2 = 0.512,0.512,0.512,0.512,0.512,0.512,0.512,0.512,0.512,0.512,0.512,0.512,0.512,0.512,0.512,0.512,0.512,0.512,0.512,0.512,0.512,0.512,0.512,0.512,0.512,0.512,0.512,0.512,0.512,0.512,0.512,0.512,0.512,0.512,0.512,0.512,0.512,0.512,0.512,0.512,0.512,0.512,0.512,0.512,0.512,0.512,0.512,0.512,0.512,0.512,0.512,0.512,0.512,0.512,0.512,0.512,0.512,0.512,0.512,0.512,0.512,0.512,0.512,0.512,0.512,0.512,0.512,0.512,0.512,0.512,0.512,0.512,0.512,0.512,0.512,0.512,0.512,0.512,0.512,0.512 (from /gpfs/home/xiangyyang/XYData/E2E/OSMOSE_HRENYB/calibration_05-20-2025/master/calibration_parameters.osm line 105)
osmose[warn] . . . Osmose will ignore parameter fisheries.rate.byperiod.fsh3 = 0.105 (from /gpfs/home/xiangyyang/XYData/E2E/OSMOSE_HRENYB/nyb_param-fishing.R line 108)
osmose[warn] . . . Parameter already defined fisheries.rate.byperiod.fsh3 = 0.105,0.105,0.105,0.105,0.105,0.105,0.105,0.105,0.105,0.105,0.105,0.105,0.105,0.105,0.105,0.105,0.105,0.105,0.105,0.105,0.105,0.105,0.105,0.105,0.105,0.105,0.105,0.105,0.105,0.105,0.105,0.105,0.105,0.105,0.105,0.105,0.105,0.105,0.105,0.105,0.105,0.105,0.105,0.105,0.105,0.105,0.105,0.105,0.105,0.105,0.105,0.105,0.105,0.105,0.105,0.105,0.105,0.105,0.105,0.105,0.105,0.105,0.105,0.105,0.105,0.105,0.105,0.105,0.105,0.105,0.105,0.105,0.105,0.105,0.105,0.105,0.105,0.105,0.105,0.105 (from /gpfs/home/xiangyyang/XYData/E2E/OSMOSE_HRENYB/calibration_05-20-2025/master/calibration_parameters.osm line 108)
osmose[warn] . . . Osmose will ignore parameter fisheries.rate.byperiod.fsh4 = 0.031 (from /gpfs/home/xiangyyang/XYData/E2E/OSMOSE_HRENYB/nyb_param-fishing.R line 109)
osmose[warn] . . . Parameter already defined fisheries.rate.byperiod.fsh4 = 0.031,0.031,0.031,0.031,0.031,0.031,0.031,0.031,0.031,0.031,0.031,0.031,0.031,0.031,0.031,0.031,0.031,0.031,0.031,0.031,0.031,0.031,0.031,0.031,0.031,0.031,0.031,0.031,0.031,0.031,0.031,0.031,0.031,0.031,0.031,0.031,0.031,0.031,0.031,0.031,0.031,0.031,0.031,0.031,0.031,0.031,0.031,0.031,0.031,0.031,0.031,0.031,0.031,0.031,0.031,0.031,0.031,0.031,0.031,0.031,0.031,0.031,0.031,0.031,0.031,0.031,0.031,0.031,0.031,0.031,0.031,0.031,0.031,0.031,0.031,0.031,0.031,0.031,0.031,0.031 (from /gpfs/home/xiangyyang/XYData/E2E/OSMOSE_HRENYB/calibration_05-20-2025/master/calibration_parameters.osm line 111)
osmose[warn] . . . Osmose will ignore parameter fisheries.rate.byperiod.fsh5 = 0.27 (from /gpfs/home/xiangyyang/XYData/E2E/OSMOSE_HRENYB/nyb_param-fishing.R line 110)
osmose[warn] . . . Parameter already defined fisheries.rate.byperiod.fsh5 = 0.270000000000001,0.270000000000001,0.270000000000001,0.270000000000001,0.270000000000001,0.270000000000001,0.270000000000001,0.270000000000001,0.270000000000001,0.270000000000001,0.270000000000001,0.270000000000001,0.270000000000001,0.270000000000001,0.270000000000001,0.270000000000001,0.270000000000001,0.270000000000001,0.270000000000001,0.270000000000001,0.270000000000001,0.270000000000001,0.270000000000001,0.270000000000001,0.270000000000001,0.270000000000001,0.270000000000001,0.270000000000001,0.270000000000001,0.270000000000001,0.270000000000001,0.270000000000001,0.270000000000001,0.270000000000001,0.270000000000001,0.270000000000001,0.270000000000001,0.270000000000001,0.270000000000001,0.270000000000001,0.270000000000001,0.270000000000001,0.270000000000001,0.270000000000001,0.270000000000001,0.270000000000001,0.270000000000001,0.270000000000001,0.270000000000001,0.270000000000001,0.270000000000001,0.270000000000001,0.270000000000001,0.270000000000001,0.270000000000001,0.270000000000001,0.270000000000001,0.270000000000001,0.270000000000001,0.270000000000001,0.270000000000001,0.270000000000001,0.270000000000001,0.270000000000001,0.270000000000001,0.270000000000001,0.270000000000001,0.270000000000001,0.270000000000001,0.270000000000001,0.270000000000001,0.270000000000001,0.270000000000001,0.270000000000001,0.270000000000001,0.270000000000001,0.270000000000001,0.270000000000001,0.270000000000001,0.270000000000001 (from /gpfs/home/xiangyyang/XYData/E2E/OSMOSE_HRENYB/calibration_05-20-2025/master/calibration_parameters.osm line 114)
osmose[warn] . . . Osmose will ignore parameter fisheries.rate.byperiod.fsh6 = 0.1 (from /gpfs/home/xiangyyang/XYData/E2E/OSMOSE_HRENYB/nyb_param-fishing.R line 111)
osmose[warn] . . . Parameter already defined fisheries.rate.byperiod.fsh6 = 0.0999999999999996,0.0999999999999996,0.0999999999999996,0.0999999999999996,0.0999999999999996,0.0999999999999996,0.0999999999999996,0.0999999999999996,0.0999999999999996,0.0999999999999996,0.0999999999999996,0.0999999999999996,0.0999999999999996,0.0999999999999996,0.0999999999999996,0.0999999999999996,0.0999999999999996,0.0999999999999996,0.0999999999999996,0.0999999999999996,0.0999999999999996,0.0999999999999996,0.0999999999999996,0.0999999999999996,0.0999999999999996,0.0999999999999996,0.0999999999999996,0.0999999999999996,0.0999999999999996,0.0999999999999996,0.0999999999999996,0.0999999999999996,0.0999999999999996,0.0999999999999996,0.0999999999999996,0.0999999999999996,0.0999999999999996,0.0999999999999996,0.0999999999999996,0.0999999999999996,0.0999999999999996,0.0999999999999996,0.0999999999999996,0.0999999999999996,0.0999999999999996,0.0999999999999996,0.0999999999999996,0.0999999999999996,0.0999999999999996,0.0999999999999996,0.0999999999999996,0.0999999999999996,0.0999999999999996,0.0999999999999996,0.0999999999999996,0.0999999999999996,0.0999999999999996,0.0999999999999996,0.0999999999999996,0.0999999999999996,0.0999999999999996,0.0999999999999996,0.0999999999999996,0.0999999999999996,0.0999999999999996,0.0999999999999996,0.0999999999999996,0.0999999999999996,0.0999999999999996,0.0999999999999996,0.0999999999999996,0.0999999999999996,0.0999999999999996,0.0999999999999996,0.0999999999999996,0.0999999999999996,0.0999999999999996,0.0999999999999996,0.0999999999999996,0.0999999999999996 (from /gpfs/home/xiangyyang/XYData/E2E/OSMOSE_HRENYB/calibration_05-20-2025/master/calibration_parameters.osm line 117)
osmose[warn] . . . Osmose will ignore parameter fisheries.rate.byperiod.fsh7 = 0.267 (from /gpfs/home/xiangyyang/XYData/E2E/OSMOSE_HRENYB/nyb_param-fishing.R line 112)
osmose[warn] . . . Parameter already defined fisheries.rate.byperiod.fsh7 = 0.266999999999999,0.266999999999999,0.266999999999999,0.266999999999999,0.266999999999999,0.266999999999999,0.266999999999999,0.266999999999999,0.266999999999999,0.266999999999999,0.266999999999999,0.266999999999999,0.266999999999999,0.266999999999999,0.266999999999999,0.266999999999999,0.266999999999999,0.266999999999999,0.266999999999999,0.266999999999999,0.266999999999999,0.266999999999999,0.266999999999999,0.266999999999999,0.266999999999999,0.266999999999999,0.266999999999999,0.266999999999999,0.266999999999999,0.266999999999999,0.266999999999999,0.266999999999999,0.266999999999999,0.266999999999999,0.266999999999999,0.266999999999999,0.266999999999999,0.266999999999999,0.266999999999999,0.266999999999999,0.266999999999999,0.266999999999999,0.266999999999999,0.266999999999999,0.266999999999999,0.266999999999999,0.266999999999999,0.266999999999999,0.266999999999999,0.266999999999999,0.266999999999999,0.266999999999999,0.266999999999999,0.266999999999999,0.266999999999999,0.266999999999999,0.266999999999999,0.266999999999999,0.266999999999999,0.266999999999999,0.266999999999999,0.266999999999999,0.266999999999999,0.266999999999999,0.266999999999999,0.266999999999999,0.266999999999999,0.266999999999999,0.266999999999999,0.266999999999999,0.266999999999999,0.266999999999999,0.266999999999999,0.266999999999999,0.266999999999999,0.266999999999999,0.266999999999999,0.266999999999999,0.266999999999999,0.266999999999999 (from /gpfs/home/xiangyyang/XYData/E2E/OSMOSE_HRENYB/calibration_05-20-2025/master/calibration_parameters.osm line 120)
osmose[warn] . . . Osmose will ignore parameter fisheries.rate.byperiod.fsh8 = 0.269 (from /gpfs/home/xiangyyang/XYData/E2E/OSMOSE_HRENYB/nyb_param-fishing.R line 113)
osmose[warn] . . . Parameter already defined fisheries.rate.byperiod.fsh8 = 0.268999999999999,0.268999999999999,0.268999999999999,0.268999999999999,0.268999999999999,0.268999999999999,0.268999999999999,0.268999999999999,0.268999999999999,0.268999999999999,0.268999999999999,0.268999999999999,0.268999999999999,0.268999999999999,0.268999999999999,0.268999999999999,0.268999999999999,0.268999999999999,0.268999999999999,0.268999999999999,0.268999999999999,0.268999999999999,0.268999999999999,0.268999999999999,0.268999999999999,0.268999999999999,0.268999999999999,0.268999999999999,0.268999999999999,0.268999999999999,0.268999999999999,0.268999999999999,0.268999999999999,0.268999999999999,0.268999999999999,0.268999999999999,0.268999999999999,0.268999999999999,0.268999999999999,0.268999999999999,0.268999999999999,0.268999999999999,0.268999999999999,0.268999999999999,0.268999999999999,0.268999999999999,0.268999999999999,0.268999999999999,0.268999999999999,0.268999999999999,0.268999999999999,0.268999999999999,0.268999999999999,0.268999999999999,0.268999999999999,0.268999999999999,0.268999999999999,0.268999999999999,0.268999999999999,0.268999999999999,0.268999999999999,0.268999999999999,0.268999999999999,0.268999999999999,0.268999999999999,0.268999999999999,0.268999999999999,0.268999999999999,0.268999999999999,0.268999999999999,0.268999999999999,0.268999999999999,0.268999999999999,0.268999999999999,0.268999999999999,0.268999999999999,0.268999999999999,0.268999999999999,0.268999999999999,0.268999999999999 (from /gpfs/home/xiangyyang/XYData/E2E/OSMOSE_HRENYB/calibration_05-20-2025/master/calibration_parameters.osm line 123)
osmose[warn] . . . Osmose will ignore parameter fisheries.rate.byperiod.fsh9 = 0.17 (from /gpfs/home/xiangyyang/XYData/E2E/OSMOSE_HRENYB/nyb_param-fishing.R line 114)
osmose[warn] . . . Parameter already defined fisheries.rate.byperiod.fsh9 = 0.169999999999999,0.169999999999999,0.169999999999999,0.169999999999999,0.169999999999999,0.169999999999999,0.169999999999999,0.169999999999999,0.169999999999999,0.169999999999999,0.169999999999999,0.169999999999999,0.169999999999999,0.169999999999999,0.169999999999999,0.169999999999999,0.169999999999999,0.169999999999999,0.169999999999999,0.169999999999999,0.169999999999999,0.169999999999999,0.169999999999999,0.169999999999999,0.169999999999999,0.169999999999999,0.169999999999999,0.169999999999999,0.169999999999999,0.169999999999999,0.169999999999999,0.169999999999999,0.169999999999999,0.169999999999999,0.169999999999999,0.169999999999999,0.169999999999999,0.169999999999999,0.169999999999999,0.169999999999999,0.169999999999999,0.169999999999999,0.169999999999999,0.169999999999999,0.169999999999999,0.169999999999999,0.169999999999999,0.169999999999999,0.169999999999999,0.169999999999999,0.169999999999999,0.169999999999999,0.169999999999999,0.169999999999999,0.169999999999999,0.169999999999999,0.169999999999999,0.169999999999999,0.169999999999999,0.169999999999999,0.169999999999999,0.169999999999999,0.169999999999999,0.169999999999999,0.169999999999999,0.169999999999999,0.169999999999999,0.169999999999999,0.169999999999999,0.169999999999999,0.169999999999999,0.169999999999999,0.169999999999999,0.169999999999999,0.169999999999999,0.169999999999999,0.169999999999999,0.169999999999999,0.169999999999999,0.169999999999999 (from /gpfs/home/xiangyyang/XYData/E2E/OSMOSE_HRENYB/calibration_05-20-2025/master/calibration_parameters.osm line 126)
osmose[warn] . . . Osmose will ignore parameter fisheries.rate.byperiod.fsh10 = 0.412 (from /gpfs/home/xiangyyang/XYData/E2E/OSMOSE_HRENYB/nyb_param-fishing.R line 115)
osmose[warn] . . . Parameter already defined fisheries.rate.byperiod.fsh10 = 0.412,0.412,0.412,0.412,0.412,0.412,0.412,0.412,0.412,0.412,0.412,0.412,0.412,0.412,0.412,0.412,0.412,0.412,0.412,0.412,0.412,0.412,0.412,0.412,0.412,0.412,0.412,0.412,0.412,0.412,0.412,0.412,0.412,0.412,0.412,0.412,0.412,0.412,0.412,0.412,0.412,0.412,0.412,0.412,0.412,0.412,0.412,0.412,0.412,0.412,0.412,0.412,0.412,0.412,0.412,0.412,0.412,0.412,0.412,0.412,0.412,0.412,0.412,0.412,0.412,0.412,0.412,0.412,0.412,0.412,0.412,0.412,0.412,0.412,0.412,0.412,0.412,0.412,0.412,0.412 (from /gpfs/home/xiangyyang/XYData/E2E/OSMOSE_HRENYB/calibration_05-20-2025/master/calibration_parameters.osm line 129)
osmose[warn] . . . Osmose will ignore parameter fisheries.rate.byperiod.fsh11 = 0.35 (from /gpfs/home/xiangyyang/XYData/E2E/OSMOSE_HRENYB/nyb_param-fishing.R line 116)
osmose[warn] . . . Parameter already defined fisheries.rate.byperiod.fsh11 = 0.349999999999999,0.349999999999999,0.349999999999999,0.349999999999999,0.349999999999999,0.349999999999999,0.349999999999999,0.349999999999999,0.349999999999999,0.349999999999999,0.349999999999999,0.349999999999999,0.349999999999999,0.349999999999999,0.349999999999999,0.349999999999999,0.349999999999999,0.349999999999999,0.349999999999999,0.349999999999999,0.349999999999999,0.349999999999999,0.349999999999999,0.349999999999999,0.349999999999999,0.349999999999999,0.349999999999999,0.349999999999999,0.349999999999999,0.349999999999999,0.349999999999999,0.349999999999999,0.349999999999999,0.349999999999999,0.349999999999999,0.349999999999999,0.349999999999999,0.349999999999999,0.349999999999999,0.349999999999999,0.349999999999999,0.349999999999999,0.349999999999999,0.349999999999999,0.349999999999999,0.349999999999999,0.349999999999999,0.349999999999999,0.349999999999999,0.349999999999999,0.349999999999999,0.349999999999999,0.349999999999999,0.349999999999999,0.349999999999999,0.349999999999999,0.349999999999999,0.349999999999999,0.349999999999999,0.349999999999999,0.349999999999999,0.349999999999999,0.349999999999999,0.349999999999999,0.349999999999999,0.349999999999999,0.349999999999999,0.349999999999999,0.349999999999999,0.349999999999999,0.349999999999999,0.349999999999999,0.349999999999999,0.349999999999999,0.349999999999999,0.349999999999999,0.349999999999999,0.349999999999999,0.349999999999999,0.349999999999999 (from /gpfs/home/xiangyyang/XYData/E2E/OSMOSE_HRENYB/calibration_05-20-2025/master/calibration_parameters.osm line 132)
osmose[warn] . . . Osmose will ignore parameter fisheries.rate.byperiod.fsh12 = 4.37 (from /gpfs/home/xiangyyang/XYData/E2E/OSMOSE_HRENYB/nyb_param-fishing.R line 117)
osmose[warn] . . . Parameter already defined fisheries.rate.byperiod.fsh12 = 4.37,4.37,4.37,4.37,4.37,4.37,4.37,4.37,4.37,4.37,4.37,4.37,4.37,4.37,4.37,4.37,4.37,4.37,4.37,4.37,4.37,4.37,4.37,4.37,4.37,4.37,4.37,4.37,4.37,4.37,4.37,4.37,4.37,4.37,4.37,4.37,4.37,4.37,4.37,4.37,4.37,4.37,4.37,4.37,4.37,4.37,4.37,4.37,4.37,4.37,4.37,4.37,4.37,4.37,4.37,4.37,4.37,4.37,4.37,4.37,4.37,4.37,4.37,4.37,4.37,4.37,4.37,4.37,4.37,4.37,4.37,4.37,4.37,4.37,4.37,4.37,4.37,4.37,4.37,4.37 (from /gpfs/home/xiangyyang/XYData/E2E/OSMOSE_HRENYB/calibration_05-20-2025/master/calibration_parameters.osm line 135)
osmose[warn] . . . Osmose will ignore parameter fisheries.rate.byperiod.fsh13 = 0.098 (from /gpfs/home/xiangyyang/XYData/E2E/OSMOSE_HRENYB/nyb_param-fishing.R line 118)
osmose[warn] . . . Parameter already defined fisheries.rate.byperiod.fsh13 = 0.0980000000000005,0.0980000000000005,0.0980000000000005,0.0980000000000005,0.0980000000000005,0.0980000000000005,0.0980000000000005,0.0980000000000005,0.0980000000000005,0.0980000000000005,0.0980000000000005,0.0980000000000005,0.0980000000000005,0.0980000000000005,0.0980000000000005,0.0980000000000005,0.0980000000000005,0.0980000000000005,0.0980000000000005,0.0980000000000005,0.0980000000000005,0.0980000000000005,0.0980000000000005,0.0980000000000005,0.0980000000000005,0.0980000000000005,0.0980000000000005,0.0980000000000005,0.0980000000000005,0.0980000000000005,0.0980000000000005,0.0980000000000005,0.0980000000000005,0.0980000000000005,0.0980000000000005,0.0980000000000005,0.0980000000000005,0.0980000000000005,0.0980000000000005,0.0980000000000005,0.0980000000000005,0.0980000000000005,0.0980000000000005,0.0980000000000005,0.0980000000000005,0.0980000000000005,0.0980000000000005,0.0980000000000005,0.0980000000000005,0.0980000000000005,0.0980000000000005,0.0980000000000005,0.0980000000000005,0.0980000000000005,0.0980000000000005,0.0980000000000005,0.0980000000000005,0.0980000000000005,0.0980000000000005,0.0980000000000005,0.0980000000000005,0.0980000000000005,0.0980000000000005,0.0980000000000005,0.0980000000000005,0.0980000000000005,0.0980000000000005,0.0980000000000005,0.0980000000000005,0.0980000000000005,0.0980000000000005,0.0980000000000005,0.0980000000000005,0.0980000000000005,0.0980000000000005,0.0980000000000005,0.0980000000000005,0.0980000000000005,0.0980000000000005,0.0980000000000005 (from /gpfs/home/xiangyyang/XYData/E2E/OSMOSE_HRENYB/calibration_05-20-2025/master/calibration_parameters.osm line 138)
osmose[warn] . . . Osmose will ignore parameter fisheries.rate.byperiod.fsh14 = 0.273 (from /gpfs/home/xiangyyang/XYData/E2E/OSMOSE_HRENYB/nyb_param-fishing.R line 119)
osmose[warn] . . . Parameter already defined fisheries.rate.byperiod.fsh14 = 0.272999999999999,0.272999999999999,0.272999999999999,0.272999999999999,0.272999999999999,0.272999999999999,0.272999999999999,0.272999999999999,0.272999999999999,0.272999999999999,0.272999999999999,0.272999999999999,0.272999999999999,0.272999999999999,0.272999999999999,0.272999999999999,0.272999999999999,0.272999999999999,0.272999999999999,0.272999999999999,0.272999999999999,0.272999999999999,0.272999999999999,0.272999999999999,0.272999999999999,0.272999999999999,0.272999999999999,0.272999999999999,0.272999999999999,0.272999999999999,0.272999999999999,0.272999999999999,0.272999999999999,0.272999999999999,0.272999999999999,0.272999999999999,0.272999999999999,0.272999999999999,0.272999999999999,0.272999999999999,0.272999999999999,0.272999999999999,0.272999999999999,0.272999999999999,0.272999999999999,0.272999999999999,0.272999999999999,0.272999999999999,0.272999999999999,0.272999999999999,0.272999999999999,0.272999999999999,0.272999999999999,0.272999999999999,0.272999999999999,0.272999999999999,0.272999999999999,0.272999999999999,0.272999999999999,0.272999999999999,0.272999999999999,0.272999999999999,0.272999999999999,0.272999999999999,0.272999999999999,0.272999999999999,0.272999999999999,0.272999999999999,0.272999999999999,0.272999999999999,0.272999999999999,0.272999999999999,0.272999999999999,0.272999999999999,0.272999999999999,0.272999999999999,0.272999999999999,0.272999999999999,0.272999999999999,0.272999999999999 (from /gpfs/home/xiangyyang/XYData/E2E/OSMOSE_HRENYB/calibration_05-20-2025/master/calibration_parameters.osm line 141)
osmose[warn] . . . Osmose will ignore parameter fisheries.rate.byperiod.fsh15 = 0.135 (from /gpfs/home/xiangyyang/XYData/E2E/OSMOSE_HRENYB/nyb_param-fishing.R line 120)
osmose[warn] . . . Parameter already defined fisheries.rate.byperiod.fsh15 = 0.135,0.135,0.135,0.135,0.135,0.135,0.135,0.135,0.135,0.135,0.135,0.135,0.135,0.135,0.135,0.135,0.135,0.135,0.135,0.135,0.135,0.135,0.135,0.135,0.135,0.135,0.135,0.135,0.135,0.135,0.135,0.135,0.135,0.135,0.135,0.135,0.135,0.135,0.135,0.135,0.135,0.135,0.135,0.135,0.135,0.135,0.135,0.135,0.135,0.135,0.135,0.135,0.135,0.135,0.135,0.135,0.135,0.135,0.135,0.135,0.135,0.135,0.135,0.135,0.135,0.135,0.135,0.135,0.135,0.135,0.135,0.135,0.135,0.135,0.135,0.135,0.135,0.135,0.135,0.135 (from /gpfs/home/xiangyyang/XYData/E2E/OSMOSE_HRENYB/calibration_05-20-2025/master/calibration_parameters.osm line 144)
osmose[info] . . Loading parameters from /gpfs/home/xiangyyang/XYData/E2E/OSMOSE_HRENYB/osm_param-natural-mortality.csv
osmose[warn] . . . Osmose will ignore parameter mortality.additional.larva.rate.sp0 = 0.1 (from /gpfs/home/xiangyyang/XYData/E2E/OSMOSE_HRENYB/osm_param-natural-mortality.csv line 2)
osmose[warn] . . . Parameter already defined mortality.additional.larva.rate.sp0 = 0.1 (from /gpfs/home/xiangyyang/XYData/E2E/OSMOSE_HRENYB/calibration_05-20-2025/master/calibration_parameters.osm line 44)
osmose[warn] . . . Osmose will ignore parameter mortality.additional.larva.rate.sp1 = 242 (from /gpfs/home/xiangyyang/XYData/E2E/OSMOSE_HRENYB/osm_param-natural-mortality.csv line 3)
osmose[warn] . . . Parameter already defined mortality.additional.larva.rate.sp1 = 241.999999999999 (from /gpfs/home/xiangyyang/XYData/E2E/OSMOSE_HRENYB/calibration_05-20-2025/master/calibration_parameters.osm line 45)
osmose[warn] . . . Osmose will ignore parameter mortality.additional.larva.rate.sp2 = 81 (from /gpfs/home/xiangyyang/XYData/E2E/OSMOSE_HRENYB/osm_param-natural-mortality.csv line 4)
osmose[warn] . . . Parameter already defined mortality.additional.larva.rate.sp2 = 81 (from /gpfs/home/xiangyyang/XYData/E2E/OSMOSE_HRENYB/calibration_05-20-2025/master/calibration_parameters.osm line 46)
osmose[warn] . . . Osmose will ignore parameter mortality.additional.larva.rate.sp3 = 8 (from /gpfs/home/xiangyyang/XYData/E2E/OSMOSE_HRENYB/osm_param-natural-mortality.csv line 5)
osmose[warn] . . . Parameter already defined mortality.additional.larva.rate.sp3 = 8.00000000000001 (from /gpfs/home/xiangyyang/XYData/E2E/OSMOSE_HRENYB/calibration_05-20-2025/master/calibration_parameters.osm line 47)
osmose[warn] . . . Osmose will ignore parameter mortality.additional.larva.rate.sp4 = 10 (from /gpfs/home/xiangyyang/XYData/E2E/OSMOSE_HRENYB/osm_param-natural-mortality.csv line 6)
osmose[warn] . . . Parameter already defined mortality.additional.larva.rate.sp4 = 10 (from /gpfs/home/xiangyyang/XYData/E2E/OSMOSE_HRENYB/calibration_05-20-2025/master/calibration_parameters.osm line 48)
osmose[warn] . . . Osmose will ignore parameter mortality.additional.larva.rate.sp5 = 240 (from /gpfs/home/xiangyyang/XYData/E2E/OSMOSE_HRENYB/osm_param-natural-mortality.csv line 7)
osmose[warn] . . . Parameter already defined mortality.additional.larva.rate.sp5 = 240.000000000002 (from /gpfs/home/xiangyyang/XYData/E2E/OSMOSE_HRENYB/calibration_05-20-2025/master/calibration_parameters.osm line 49)
osmose[warn] . . . Osmose will ignore parameter mortality.additional.larva.rate.sp6 = 115 (from /gpfs/home/xiangyyang/XYData/E2E/OSMOSE_HRENYB/osm_param-natural-mortality.csv line 8)
osmose[warn] . . . Parameter already defined mortality.additional.larva.rate.sp6 = 115 (from /gpfs/home/xiangyyang/XYData/E2E/OSMOSE_HRENYB/calibration_05-20-2025/master/calibration_parameters.osm line 50)
osmose[warn] . . . Osmose will ignore parameter mortality.additional.larva.rate.sp7 = 0.1 (from /gpfs/home/xiangyyang/XYData/E2E/OSMOSE_HRENYB/osm_param-natural-mortality.csv line 9)
osmose[warn] . . . Parameter already defined mortality.additional.larva.rate.sp7 = 0.1 (from /gpfs/home/xiangyyang/XYData/E2E/OSMOSE_HRENYB/calibration_05-20-2025/master/calibration_parameters.osm line 51)
osmose[warn] . . . Osmose will ignore parameter mortality.additional.larva.rate.sp8 = 256 (from /gpfs/home/xiangyyang/XYData/E2E/OSMOSE_HRENYB/osm_param-natural-mortality.csv line 10)
osmose[warn] . . . Parameter already defined mortality.additional.larva.rate.sp8 = 256 (from /gpfs/home/xiangyyang/XYData/E2E/OSMOSE_HRENYB/calibration_05-20-2025/master/calibration_parameters.osm line 52)
osmose[warn] . . . Osmose will ignore parameter mortality.additional.larva.rate.sp9 = 35 (from /gpfs/home/xiangyyang/XYData/E2E/OSMOSE_HRENYB/osm_param-natural-mortality.csv line 11)
osmose[warn] . . . Parameter already defined mortality.additional.larva.rate.sp9 = 35.0000000000003 (from /gpfs/home/xiangyyang/XYData/E2E/OSMOSE_HRENYB/calibration_05-20-2025/master/calibration_parameters.osm line 53)
osmose[warn] . . . Osmose will ignore parameter mortality.additional.larva.rate.sp10 = 355 (from /gpfs/home/xiangyyang/XYData/E2E/OSMOSE_HRENYB/osm_param-natural-mortality.csv line 12)
osmose[warn] . . . Parameter already defined mortality.additional.larva.rate.sp10 = 354.999999999997 (from /gpfs/home/xiangyyang/XYData/E2E/OSMOSE_HRENYB/calibration_05-20-2025/master/calibration_parameters.osm line 54)
osmose[warn] . . . Osmose will ignore parameter mortality.additional.larva.rate.sp11 = 0.1 (from /gpfs/home/xiangyyang/XYData/E2E/OSMOSE_HRENYB/osm_param-natural-mortality.csv line 13)
osmose[warn] . . . Parameter already defined mortality.additional.larva.rate.sp11 = 0.1 (from /gpfs/home/xiangyyang/XYData/E2E/OSMOSE_HRENYB/calibration_05-20-2025/master/calibration_parameters.osm line 55)
osmose[warn] . . . Osmose will ignore parameter mortality.additional.larva.rate.sp12 = 84 (from /gpfs/home/xiangyyang/XYData/E2E/OSMOSE_HRENYB/osm_param-natural-mortality.csv line 14)
osmose[warn] . . . Parameter already defined mortality.additional.larva.rate.sp12 = 83.9999999999997 (from /gpfs/home/xiangyyang/XYData/E2E/OSMOSE_HRENYB/calibration_05-20-2025/master/calibration_parameters.osm line 56)
osmose[warn] . . . Osmose will ignore parameter mortality.additional.larva.rate.sp13 = 640 (from /gpfs/home/xiangyyang/XYData/E2E/OSMOSE_HRENYB/osm_param-natural-mortality.csv line 15)
osmose[warn] . . . Parameter already defined mortality.additional.larva.rate.sp13 = 640.000000000004 (from /gpfs/home/xiangyyang/XYData/E2E/OSMOSE_HRENYB/calibration_05-20-2025/master/calibration_parameters.osm line 57)
osmose[warn] . . . Osmose will ignore parameter mortality.additional.larva.rate.sp14 = 310 (from /gpfs/home/xiangyyang/XYData/E2E/OSMOSE_HRENYB/osm_param-natural-mortality.csv line 16)
osmose[warn] . . . Parameter already defined mortality.additional.larva.rate.sp14 = 309.999999999998 (from /gpfs/home/xiangyyang/XYData/E2E/OSMOSE_HRENYB/calibration_05-20-2025/master/calibration_parameters.osm line 58)
osmose[warn] . . . Osmose will ignore parameter mortality.additional.larva.rate.sp15 = 220 (from /gpfs/home/xiangyyang/XYData/E2E/OSMOSE_HRENYB/osm_param-natural-mortality.csv line 17)
osmose[warn] . . . Parameter already defined mortality.additional.larva.rate.sp15 = 220.000000000002 (from /gpfs/home/xiangyyang/XYData/E2E/OSMOSE_HRENYB/calibration_05-20-2025/master/calibration_parameters.osm line 59)
osmose[warn] . . . Osmose will ignore parameter mortality.additional.larva.rate.sp16 = 0.1 (from /gpfs/home/xiangyyang/XYData/E2E/OSMOSE_HRENYB/osm_param-natural-mortality.csv line 18)
osmose[warn] . . . Parameter already defined mortality.additional.larva.rate.sp16 = 0.1 (from /gpfs/home/xiangyyang/XYData/E2E/OSMOSE_HRENYB/calibration_05-20-2025/master/calibration_parameters.osm line 60)
osmose[warn] . . . Osmose will ignore parameter mortality.additional.larva.rate.sp17 = 0.1 (from /gpfs/home/xiangyyang/XYData/E2E/OSMOSE_HRENYB/osm_param-natural-mortality.csv line 19)
osmose[warn] . . . Parameter already defined mortality.additional.larva.rate.sp17 = 0.1 (from /gpfs/home/xiangyyang/XYData/E2E/OSMOSE_HRENYB/calibration_05-20-2025/master/calibration_parameters.osm line 61)
osmose[warn] . . . Osmose will ignore parameter mortality.additional.rate.sp0 = 0.0001 (from /gpfs/home/xiangyyang/XYData/E2E/OSMOSE_HRENYB/osm_param-natural-mortality.csv line 28)
osmose[warn] . . . Parameter already defined mortality.additional.rate.sp0 = 1e-04 (from /gpfs/home/xiangyyang/XYData/E2E/OSMOSE_HRENYB/calibration_05-20-2025/master/calibration_parameters.osm line 26)
osmose[warn] . . . Osmose will ignore parameter mortality.additional.rate.sp1 = 0.001 (from /gpfs/home/xiangyyang/XYData/E2E/OSMOSE_HRENYB/osm_param-natural-mortality.csv line 29)
osmose[warn] . . . Parameter already defined mortality.additional.rate.sp1 = 0.001 (from /gpfs/home/xiangyyang/XYData/E2E/OSMOSE_HRENYB/calibration_05-20-2025/master/calibration_parameters.osm line 27)
osmose[warn] . . . Osmose will ignore parameter mortality.additional.rate.sp2 = 0.001 (from /gpfs/home/xiangyyang/XYData/E2E/OSMOSE_HRENYB/osm_param-natural-mortality.csv line 30)
osmose[warn] . . . Parameter already defined mortality.additional.rate.sp2 = 0.001 (from /gpfs/home/xiangyyang/XYData/E2E/OSMOSE_HRENYB/calibration_05-20-2025/master/calibration_parameters.osm line 28)
osmose[warn] . . . Osmose will ignore parameter mortality.additional.rate.sp3 = 0.0001 (from /gpfs/home/xiangyyang/XYData/E2E/OSMOSE_HRENYB/osm_param-natural-mortality.csv line 31)
osmose[warn] . . . Parameter already defined mortality.additional.rate.sp3 = 1e-04 (from /gpfs/home/xiangyyang/XYData/E2E/OSMOSE_HRENYB/calibration_05-20-2025/master/calibration_parameters.osm line 29)
osmose[warn] . . . Osmose will ignore parameter mortality.additional.rate.sp4 = 0.001 (from /gpfs/home/xiangyyang/XYData/E2E/OSMOSE_HRENYB/osm_param-natural-mortality.csv line 32)
osmose[warn] . . . Parameter already defined mortality.additional.rate.sp4 = 0.001 (from /gpfs/home/xiangyyang/XYData/E2E/OSMOSE_HRENYB/calibration_05-20-2025/master/calibration_parameters.osm line 30)
osmose[warn] . . . Osmose will ignore parameter mortality.additional.rate.sp5 = 0.001 (from /gpfs/home/xiangyyang/XYData/E2E/OSMOSE_HRENYB/osm_param-natural-mortality.csv line 33)
osmose[warn] . . . Parameter already defined mortality.additional.rate.sp5 = 0.001 (from /gpfs/home/xiangyyang/XYData/E2E/OSMOSE_HRENYB/calibration_05-20-2025/master/calibration_parameters.osm line 31)
osmose[warn] . . . Osmose will ignore parameter mortality.additional.rate.sp6 = 0.001 (from /gpfs/home/xiangyyang/XYData/E2E/OSMOSE_HRENYB/osm_param-natural-mortality.csv line 34)
osmose[warn] . . . Parameter already defined mortality.additional.rate.sp6 = 0.001 (from /gpfs/home/xiangyyang/XYData/E2E/OSMOSE_HRENYB/calibration_05-20-2025/master/calibration_parameters.osm line 32)
osmose[warn] . . . Osmose will ignore parameter mortality.additional.rate.sp7 = 0.0001 (from /gpfs/home/xiangyyang/XYData/E2E/OSMOSE_HRENYB/osm_param-natural-mortality.csv line 35)
osmose[warn] . . . Parameter already defined mortality.additional.rate.sp7 = 1e-04 (from /gpfs/home/xiangyyang/XYData/E2E/OSMOSE_HRENYB/calibration_05-20-2025/master/calibration_parameters.osm line 33)
osmose[warn] . . . Osmose will ignore parameter mortality.additional.rate.sp8 = 0.001 (from /gpfs/home/xiangyyang/XYData/E2E/OSMOSE_HRENYB/osm_param-natural-mortality.csv line 36)
osmose[warn] . . . Parameter already defined mortality.additional.rate.sp8 = 0.001 (from /gpfs/home/xiangyyang/XYData/E2E/OSMOSE_HRENYB/calibration_05-20-2025/master/calibration_parameters.osm line 34)
osmose[warn] . . . Osmose will ignore parameter mortality.additional.rate.sp9 = 0.001 (from /gpfs/home/xiangyyang/XYData/E2E/OSMOSE_HRENYB/osm_param-natural-mortality.csv line 37)
osmose[warn] . . . Parameter already defined mortality.additional.rate.sp9 = 0.001 (from /gpfs/home/xiangyyang/XYData/E2E/OSMOSE_HRENYB/calibration_05-20-2025/master/calibration_parameters.osm line 35)
osmose[warn] . . . Osmose will ignore parameter mortality.additional.rate.sp10 = 0.001 (from /gpfs/home/xiangyyang/XYData/E2E/OSMOSE_HRENYB/osm_param-natural-mortality.csv line 38)
osmose[warn] . . . Parameter already defined mortality.additional.rate.sp10 = 0.001 (from /gpfs/home/xiangyyang/XYData/E2E/OSMOSE_HRENYB/calibration_05-20-2025/master/calibration_parameters.osm line 36)
osmose[warn] . . . Osmose will ignore parameter mortality.additional.rate.sp11 = 0.0001 (from /gpfs/home/xiangyyang/XYData/E2E/OSMOSE_HRENYB/osm_param-natural-mortality.csv line 39)
osmose[warn] . . . Parameter already defined mortality.additional.rate.sp11 = 1e-04 (from /gpfs/home/xiangyyang/XYData/E2E/OSMOSE_HRENYB/calibration_05-20-2025/master/calibration_parameters.osm line 37)
osmose[warn] . . . Osmose will ignore parameter mortality.additional.rate.sp12 = 0.001 (from /gpfs/home/xiangyyang/XYData/E2E/OSMOSE_HRENYB/osm_param-natural-mortality.csv line 40)
osmose[warn] . . . Parameter already defined mortality.additional.rate.sp12 = 0.001 (from /gpfs/home/xiangyyang/XYData/E2E/OSMOSE_HRENYB/calibration_05-20-2025/master/calibration_parameters.osm line 38)
osmose[warn] . . . Osmose will ignore parameter mortality.additional.rate.sp13 = 0.001 (from /gpfs/home/xiangyyang/XYData/E2E/OSMOSE_HRENYB/osm_param-natural-mortality.csv line 41)
osmose[warn] . . . Parameter already defined mortality.additional.rate.sp13 = 0.001 (from /gpfs/home/xiangyyang/XYData/E2E/OSMOSE_HRENYB/calibration_05-20-2025/master/calibration_parameters.osm line 39)
osmose[warn] . . . Osmose will ignore parameter mortality.additional.rate.sp14 = 0.001 (from /gpfs/home/xiangyyang/XYData/E2E/OSMOSE_HRENYB/osm_param-natural-mortality.csv line 42)
osmose[warn] . . . Parameter already defined mortality.additional.rate.sp14 = 0.001 (from /gpfs/home/xiangyyang/XYData/E2E/OSMOSE_HRENYB/calibration_05-20-2025/master/calibration_parameters.osm line 40)
osmose[warn] . . . Osmose will ignore parameter mortality.additional.rate.sp15 = 0.001 (from /gpfs/home/xiangyyang/XYData/E2E/OSMOSE_HRENYB/osm_param-natural-mortality.csv line 43)
osmose[warn] . . . Parameter already defined mortality.additional.rate.sp15 = 0.001 (from /gpfs/home/xiangyyang/XYData/E2E/OSMOSE_HRENYB/calibration_05-20-2025/master/calibration_parameters.osm line 41)
osmose[warn] . . . Osmose will ignore parameter mortality.additional.rate.sp16 = 0.0001 (from /gpfs/home/xiangyyang/XYData/E2E/OSMOSE_HRENYB/osm_param-natural-mortality.csv line 44)
osmose[warn] . . . Parameter already defined mortality.additional.rate.sp16 = 1e-04 (from /gpfs/home/xiangyyang/XYData/E2E/OSMOSE_HRENYB/calibration_05-20-2025/master/calibration_parameters.osm line 42)
osmose[warn] . . . Osmose will ignore parameter mortality.additional.rate.sp17 = 0.0001 (from /gpfs/home/xiangyyang/XYData/E2E/OSMOSE_HRENYB/osm_param-natural-mortality.csv line 45)
osmose[warn] . . . Parameter already defined mortality.additional.rate.sp17 = 1e-04 (from /gpfs/home/xiangyyang/XYData/E2E/OSMOSE_HRENYB/calibration_05-20-2025/master/calibration_parameters.osm line 43)
osmose[info] . . Loading parameters from /gpfs/home/xiangyyang/XYData/E2E/OSMOSE_HRENYB/osm_param-predation.csv
osmose[warn] . . . Osmose will ignore parameter predation.ingestion.rate.max.sp0 = 3.5 (from /gpfs/home/xiangyyang/XYData/E2E/OSMOSE_HRENYB/osm_param-predation.csv line 42)
osmose[warn] . . . Parameter already defined predation.ingestion.rate.max.sp0 = 3.5 (from /gpfs/home/xiangyyang/XYData/E2E/OSMOSE_HRENYB/calibration_05-20-2025/master/calibration_parameters.osm line 62)
osmose[warn] . . . Osmose will ignore parameter predation.ingestion.rate.max.sp1 = 3.5 (from /gpfs/home/xiangyyang/XYData/E2E/OSMOSE_HRENYB/osm_param-predation.csv line 43)
osmose[warn] . . . Parameter already defined predation.ingestion.rate.max.sp1 = 3.5 (from /gpfs/home/xiangyyang/XYData/E2E/OSMOSE_HRENYB/calibration_05-20-2025/master/calibration_parameters.osm line 63)
osmose[warn] . . . Osmose will ignore parameter predation.ingestion.rate.max.sp2 = 3.5 (from /gpfs/home/xiangyyang/XYData/E2E/OSMOSE_HRENYB/osm_param-predation.csv line 44)
osmose[warn] . . . Parameter already defined predation.ingestion.rate.max.sp2 = 3.5 (from /gpfs/home/xiangyyang/XYData/E2E/OSMOSE_HRENYB/calibration_05-20-2025/master/calibration_parameters.osm line 64)
osmose[warn] . . . Osmose will ignore parameter predation.ingestion.rate.max.sp3 = 3.5 (from /gpfs/home/xiangyyang/XYData/E2E/OSMOSE_HRENYB/osm_param-predation.csv line 45)
osmose[warn] . . . Parameter already defined predation.ingestion.rate.max.sp3 = 3.5 (from /gpfs/home/xiangyyang/XYData/E2E/OSMOSE_HRENYB/calibration_05-20-2025/master/calibration_parameters.osm line 65)
osmose[warn] . . . Osmose will ignore parameter predation.ingestion.rate.max.sp4 = 3.5 (from /gpfs/home/xiangyyang/XYData/E2E/OSMOSE_HRENYB/osm_param-predation.csv line 46)
osmose[warn] . . . Parameter already defined predation.ingestion.rate.max.sp4 = 3.5 (from /gpfs/home/xiangyyang/XYData/E2E/OSMOSE_HRENYB/calibration_05-20-2025/master/calibration_parameters.osm line 66)
osmose[warn] . . . Osmose will ignore parameter predation.ingestion.rate.max.sp5 = 3.5 (from /gpfs/home/xiangyyang/XYData/E2E/OSMOSE_HRENYB/osm_param-predation.csv line 47)
osmose[warn] . . . Parameter already defined predation.ingestion.rate.max.sp5 = 3.5 (from /gpfs/home/xiangyyang/XYData/E2E/OSMOSE_HRENYB/calibration_05-20-2025/master/calibration_parameters.osm line 67)
osmose[warn] . . . Osmose will ignore parameter predation.ingestion.rate.max.sp6 = 3.5 (from /gpfs/home/xiangyyang/XYData/E2E/OSMOSE_HRENYB/osm_param-predation.csv line 48)
osmose[warn] . . . Parameter already defined predation.ingestion.rate.max.sp6 = 3.5 (from /gpfs/home/xiangyyang/XYData/E2E/OSMOSE_HRENYB/calibration_05-20-2025/master/calibration_parameters.osm line 68)
osmose[warn] . . . Osmose will ignore parameter predation.ingestion.rate.max.sp7 = 3.5 (from /gpfs/home/xiangyyang/XYData/E2E/OSMOSE_HRENYB/osm_param-predation.csv line 49)
osmose[warn] . . . Parameter already defined predation.ingestion.rate.max.sp7 = 3.5 (from /gpfs/home/xiangyyang/XYData/E2E/OSMOSE_HRENYB/calibration_05-20-2025/master/calibration_parameters.osm line 69)
osmose[warn] . . . Osmose will ignore parameter predation.ingestion.rate.max.sp8 = 3.5 (from /gpfs/home/xiangyyang/XYData/E2E/OSMOSE_HRENYB/osm_param-predation.csv line 50)
osmose[warn] . . . Parameter already defined predation.ingestion.rate.max.sp8 = 3.5 (from /gpfs/home/xiangyyang/XYData/E2E/OSMOSE_HRENYB/calibration_05-20-2025/master/calibration_parameters.osm line 70)
osmose[warn] . . . Osmose will ignore parameter predation.ingestion.rate.max.sp9 = 3.5 (from /gpfs/home/xiangyyang/XYData/E2E/OSMOSE_HRENYB/osm_param-predation.csv line 51)
osmose[warn] . . . Parameter already defined predation.ingestion.rate.max.sp9 = 3.5 (from /gpfs/home/xiangyyang/XYData/E2E/OSMOSE_HRENYB/calibration_05-20-2025/master/calibration_parameters.osm line 71)
osmose[warn] . . . Osmose will ignore parameter predation.ingestion.rate.max.sp10 = 3.5 (from /gpfs/home/xiangyyang/XYData/E2E/OSMOSE_HRENYB/osm_param-predation.csv line 52)
osmose[warn] . . . Parameter already defined predation.ingestion.rate.max.sp10 = 3.5 (from /gpfs/home/xiangyyang/XYData/E2E/OSMOSE_HRENYB/calibration_05-20-2025/master/calibration_parameters.osm line 72)
osmose[warn] . . . Osmose will ignore parameter predation.ingestion.rate.max.sp11 = 3.5 (from /gpfs/home/xiangyyang/XYData/E2E/OSMOSE_HRENYB/osm_param-predation.csv line 53)
osmose[warn] . . . Parameter already defined predation.ingestion.rate.max.sp11 = 3.5 (from /gpfs/home/xiangyyang/XYData/E2E/OSMOSE_HRENYB/calibration_05-20-2025/master/calibration_parameters.osm line 73)
osmose[warn] . . . Osmose will ignore parameter predation.ingestion.rate.max.sp12 = 3.5 (from /gpfs/home/xiangyyang/XYData/E2E/OSMOSE_HRENYB/osm_param-predation.csv line 54)
osmose[warn] . . . Parameter already defined predation.ingestion.rate.max.sp12 = 3.5 (from /gpfs/home/xiangyyang/XYData/E2E/OSMOSE_HRENYB/calibration_05-20-2025/master/calibration_parameters.osm line 74)
osmose[warn] . . . Osmose will ignore parameter predation.ingestion.rate.max.sp13 = 3.5 (from /gpfs/home/xiangyyang/XYData/E2E/OSMOSE_HRENYB/osm_param-predation.csv line 55)
osmose[warn] . . . Parameter already defined predation.ingestion.rate.max.sp13 = 3.5 (from /gpfs/home/xiangyyang/XYData/E2E/OSMOSE_HRENYB/calibration_05-20-2025/master/calibration_parameters.osm line 75)
osmose[warn] . . . Osmose will ignore parameter predation.ingestion.rate.max.sp14 = 3.5 (from /gpfs/home/xiangyyang/XYData/E2E/OSMOSE_HRENYB/osm_param-predation.csv line 56)
osmose[warn] . . . Parameter already defined predation.ingestion.rate.max.sp14 = 3.5 (from /gpfs/home/xiangyyang/XYData/E2E/OSMOSE_HRENYB/calibration_05-20-2025/master/calibration_parameters.osm line 76)
osmose[warn] . . . Osmose will ignore parameter predation.ingestion.rate.max.sp15 = 3.5 (from /gpfs/home/xiangyyang/XYData/E2E/OSMOSE_HRENYB/osm_param-predation.csv line 57)
osmose[warn] . . . Parameter already defined predation.ingestion.rate.max.sp15 = 3.5 (from /gpfs/home/xiangyyang/XYData/E2E/OSMOSE_HRENYB/calibration_05-20-2025/master/calibration_parameters.osm line 77)
osmose[warn] . . . Osmose will ignore parameter predation.ingestion.rate.max.sp16 = 3.5 (from /gpfs/home/xiangyyang/XYData/E2E/OSMOSE_HRENYB/osm_param-predation.csv line 58)
osmose[warn] . . . Parameter already defined predation.ingestion.rate.max.sp16 = 3.5 (from /gpfs/home/xiangyyang/XYData/E2E/OSMOSE_HRENYB/calibration_05-20-2025/master/calibration_parameters.osm line 78)
osmose[warn] . . . Osmose will ignore parameter predation.ingestion.rate.max.sp17 = 3.5 (from /gpfs/home/xiangyyang/XYData/E2E/OSMOSE_HRENYB/osm_param-predation.csv line 59)
osmose[warn] . . . Parameter already defined predation.ingestion.rate.max.sp17 = 3.5 (from /gpfs/home/xiangyyang/XYData/E2E/OSMOSE_HRENYB/calibration_05-20-2025/master/calibration_parameters.osm line 79)
osmose[info] . . Loading parameters from /gpfs/home/xiangyyang/XYData/E2E/OSMOSE_HRENYB/osm_param-starvation.csv
osmose[info] . . Loading parameters from /gpfs/home/xiangyyang/XYData/E2E/OSMOSE_HRENYB/osm_param-reproduction.csv
osmose[info] . . Loading parameters from /gpfs/home/xiangyyang/XYData/E2E/OSMOSE_HRENYB/osm_param-species.csv
osmose[info] . . Loading parameters from /gpfs/home/xiangyyang/XYData/E2E/OSMOSE_HRENYB/osm_param-ltl.csv
osmose[warn] . . . Osmose will ignore parameter species.accessibility2fish.sp18 = 1 (from /gpfs/home/xiangyyang/XYData/E2E/OSMOSE_HRENYB/osm_param-ltl.csv line 54)
osmose[warn] . . . Parameter already defined species.accessibility2fish.sp18 = 1 (from /gpfs/home/xiangyyang/XYData/E2E/OSMOSE_HRENYB/calibration_05-20-2025/master/calibration_parameters.osm line 1)
osmose[warn] . . . Osmose will ignore parameter species.accessibility2fish.sp19 = 1 (from /gpfs/home/xiangyyang/XYData/E2E/OSMOSE_HRENYB/osm_param-ltl.csv line 55)
osmose[warn] . . . Parameter already defined species.accessibility2fish.sp19 = 1 (from /gpfs/home/xiangyyang/XYData/E2E/OSMOSE_HRENYB/calibration_05-20-2025/master/calibration_parameters.osm line 2)
osmose[warn] . . . Osmose will ignore parameter species.accessibility2fish.sp20 = 0.999360488 (from /gpfs/home/xiangyyang/XYData/E2E/OSMOSE_HRENYB/osm_param-ltl.csv line 56)
osmose[warn] . . . Parameter already defined species.accessibility2fish.sp20 = 0.999360488 (from /gpfs/home/xiangyyang/XYData/E2E/OSMOSE_HRENYB/calibration_05-20-2025/master/calibration_parameters.osm line 3)
osmose[warn] . . . Osmose will ignore parameter species.accessibility2fish.sp21 = 1 (from /gpfs/home/xiangyyang/XYData/E2E/OSMOSE_HRENYB/osm_param-ltl.csv line 57)
osmose[warn] . . . Parameter already defined species.accessibility2fish.sp21 = 1 (from /gpfs/home/xiangyyang/XYData/E2E/OSMOSE_HRENYB/calibration_05-20-2025/master/calibration_parameters.osm line 4)
osmose[warn] . . . Osmose will ignore parameter species.accessibility2fish.sp22 = 1 (from /gpfs/home/xiangyyang/XYData/E2E/OSMOSE_HRENYB/osm_param-ltl.csv line 58)
osmose[warn] . . . Parameter already defined species.accessibility2fish.sp22 = 1 (from /gpfs/home/xiangyyang/XYData/E2E/OSMOSE_HRENYB/calibration_05-20-2025/master/calibration_parameters.osm line 5)
osmose[warn] . . . Osmose will ignore parameter species.accessibility2fish.sp23 = 1 (from /gpfs/home/xiangyyang/XYData/E2E/OSMOSE_HRENYB/osm_param-ltl.csv line 59)
osmose[warn] . . . Parameter already defined species.accessibility2fish.sp23 = 1 (from /gpfs/home/xiangyyang/XYData/E2E/OSMOSE_HRENYB/calibration_05-20-2025/master/calibration_parameters.osm line 6)
osmose[warn] . . . Osmose will ignore parameter species.accessibility2fish.sp24 = 0.995067398 (from /gpfs/home/xiangyyang/XYData/E2E/OSMOSE_HRENYB/osm_param-ltl.csv line 60)
osmose[warn] . . . Parameter already defined species.accessibility2fish.sp24 = 0.995067398 (from /gpfs/home/xiangyyang/XYData/E2E/OSMOSE_HRENYB/calibration_05-20-2025/master/calibration_parameters.osm line 7)
osmose[info] . . Loading parameters from /gpfs/home/xiangyyang/XYData/E2E/OSMOSE_HRENYB/osm_param-grid.csv
osmose[info] . . Loading parameters from /gpfs/home/xiangyyang/XYData/E2E/OSMOSE_HRENYB/osm_param-seeding.csv
osmose[info] . . Loading parameters from /gpfs/home/xiangyyang/XYData/E2E/OSMOSE_HRENYB/osm_param-init-pop.csv
osmose[info] . . Loading parameters from /gpfs/home/xiangyyang/XYData/E2E/OSMOSE_HRENYB/initial_conditions.osm
osmose[warn] . . . Osmose will ignore parameter population.initialization.biomass.sp0 = 765.65 (from /gpfs/home/xiangyyang/XYData/E2E/OSMOSE_HRENYB/initial_conditions.osm line 4)
osmose[warn] . . . Parameter already defined population.initialization.biomass.sp0 = 765.649999999997 (from /gpfs/home/xiangyyang/XYData/E2E/OSMOSE_HRENYB/calibration_05-20-2025/master/calibration_parameters.osm line 8)
osmose[warn] . . . Osmose will ignore parameter population.initialization.biomass.sp1 = 2601.768 (from /gpfs/home/xiangyyang/XYData/E2E/OSMOSE_HRENYB/initial_conditions.osm line 12)
osmose[warn] . . . Parameter already defined population.initialization.biomass.sp1 = 2601.76799999998 (from /gpfs/home/xiangyyang/XYData/E2E/OSMOSE_HRENYB/calibration_05-20-2025/master/calibration_parameters.osm line 9)
osmose[warn] . . . Osmose will ignore parameter population.initialization.biomass.sp2 = 94.095 (from /gpfs/home/xiangyyang/XYData/E2E/OSMOSE_HRENYB/initial_conditions.osm line 20)
osmose[warn] . . . Parameter already defined population.initialization.biomass.sp2 = 94.095000000001 (from /gpfs/home/xiangyyang/XYData/E2E/OSMOSE_HRENYB/calibration_05-20-2025/master/calibration_parameters.osm line 10)
osmose[warn] . . . Osmose will ignore parameter population.initialization.biomass.sp3 = 2353.445 (from /gpfs/home/xiangyyang/XYData/E2E/OSMOSE_HRENYB/initial_conditions.osm line 28)
osmose[warn] . . . Parameter already defined population.initialization.biomass.sp3 = 2353.44499999999 (from /gpfs/home/xiangyyang/XYData/E2E/OSMOSE_HRENYB/calibration_05-20-2025/master/calibration_parameters.osm line 11)
osmose[warn] . . . Osmose will ignore parameter population.initialization.biomass.sp4 = 15508.474 (from /gpfs/home/xiangyyang/XYData/E2E/OSMOSE_HRENYB/initial_conditions.osm line 36)
osmose[warn] . . . Parameter already defined population.initialization.biomass.sp4 = 15508.4740000002 (from /gpfs/home/xiangyyang/XYData/E2E/OSMOSE_HRENYB/calibration_05-20-2025/master/calibration_parameters.osm line 12)
osmose[warn] . . . Osmose will ignore parameter population.initialization.biomass.sp5 = 247.397 (from /gpfs/home/xiangyyang/XYData/E2E/OSMOSE_HRENYB/initial_conditions.osm line 44)
osmose[warn] . . . Parameter already defined population.initialization.biomass.sp5 = 247.396999999998 (from /gpfs/home/xiangyyang/XYData/E2E/OSMOSE_HRENYB/calibration_05-20-2025/master/calibration_parameters.osm line 13)
osmose[warn] . . . Osmose will ignore parameter population.initialization.biomass.sp6 = 462.794 (from /gpfs/home/xiangyyang/XYData/E2E/OSMOSE_HRENYB/initial_conditions.osm line 52)
osmose[warn] . . . Parameter already defined population.initialization.biomass.sp6 = 462.793999999996 (from /gpfs/home/xiangyyang/XYData/E2E/OSMOSE_HRENYB/calibration_05-20-2025/master/calibration_parameters.osm line 14)
osmose[warn] . . . Osmose will ignore parameter population.initialization.biomass.sp7 = 0.12 (from /gpfs/home/xiangyyang/XYData/E2E/OSMOSE_HRENYB/initial_conditions.osm line 60)
osmose[warn] . . . Parameter already defined population.initialization.biomass.sp7 = 0.12 (from /gpfs/home/xiangyyang/XYData/E2E/OSMOSE_HRENYB/calibration_05-20-2025/master/calibration_parameters.osm line 15)
osmose[warn] . . . Osmose will ignore parameter population.initialization.biomass.sp8 = 1243.195 (from /gpfs/home/xiangyyang/XYData/E2E/OSMOSE_HRENYB/initial_conditions.osm line 68)
osmose[warn] . . . Parameter already defined population.initialization.biomass.sp8 = 1243.195 (from /gpfs/home/xiangyyang/XYData/E2E/OSMOSE_HRENYB/calibration_05-20-2025/master/calibration_parameters.osm line 16)
osmose[warn] . . . Osmose will ignore parameter population.initialization.biomass.sp9 = 8410.41 (from /gpfs/home/xiangyyang/XYData/E2E/OSMOSE_HRENYB/initial_conditions.osm line 76)
osmose[warn] . . . Parameter already defined population.initialization.biomass.sp9 = 8410.41000000001 (from /gpfs/home/xiangyyang/XYData/E2E/OSMOSE_HRENYB/calibration_05-20-2025/master/calibration_parameters.osm line 17)
osmose[warn] . . . Osmose will ignore parameter population.initialization.biomass.sp10 = 5349.486 (from /gpfs/home/xiangyyang/XYData/E2E/OSMOSE_HRENYB/initial_conditions.osm line 84)
osmose[warn] . . . Parameter already defined population.initialization.biomass.sp10 = 5349.48599999994 (from /gpfs/home/xiangyyang/XYData/E2E/OSMOSE_HRENYB/calibration_05-20-2025/master/calibration_parameters.osm line 18)
osmose[warn] . . . Osmose will ignore parameter population.initialization.biomass.sp11 = 11690.927 (from /gpfs/home/xiangyyang/XYData/E2E/OSMOSE_HRENYB/initial_conditions.osm line 92)
osmose[warn] . . . Parameter already defined population.initialization.biomass.sp11 = 11690.9269999999 (from /gpfs/home/xiangyyang/XYData/E2E/OSMOSE_HRENYB/calibration_05-20-2025/master/calibration_parameters.osm line 19)
osmose[warn] . . . Osmose will ignore parameter population.initialization.biomass.sp12 = 2111.363 (from /gpfs/home/xiangyyang/XYData/E2E/OSMOSE_HRENYB/initial_conditions.osm line 100)
osmose[warn] . . . Parameter already defined population.initialization.biomass.sp12 = 2111.36300000001 (from /gpfs/home/xiangyyang/XYData/E2E/OSMOSE_HRENYB/calibration_05-20-2025/master/calibration_parameters.osm line 20)
osmose[warn] . . . Osmose will ignore parameter population.initialization.biomass.sp13 = 7695.193 (from /gpfs/home/xiangyyang/XYData/E2E/OSMOSE_HRENYB/initial_conditions.osm line 108)
osmose[warn] . . . Parameter already defined population.initialization.biomass.sp13 = 7695.19300000004 (from /gpfs/home/xiangyyang/XYData/E2E/OSMOSE_HRENYB/calibration_05-20-2025/master/calibration_parameters.osm line 21)
osmose[warn] . . . Osmose will ignore parameter population.initialization.biomass.sp14 = 6457.256 (from /gpfs/home/xiangyyang/XYData/E2E/OSMOSE_HRENYB/initial_conditions.osm line 116)
osmose[warn] . . . Parameter already defined population.initialization.biomass.sp14 = 6457.25599999993 (from /gpfs/home/xiangyyang/XYData/E2E/OSMOSE_HRENYB/calibration_05-20-2025/master/calibration_parameters.osm line 22)
osmose[warn] . . . Osmose will ignore parameter population.initialization.biomass.sp15 = 948.598 (from /gpfs/home/xiangyyang/XYData/E2E/OSMOSE_HRENYB/initial_conditions.osm line 124)
osmose[warn] . . . Parameter already defined population.initialization.biomass.sp15 = 948.597999999998 (from /gpfs/home/xiangyyang/XYData/E2E/OSMOSE_HRENYB/calibration_05-20-2025/master/calibration_parameters.osm line 23)
osmose[warn] . . . Osmose will ignore parameter population.initialization.biomass.sp16 = 0.294 (from /gpfs/home/xiangyyang/XYData/E2E/OSMOSE_HRENYB/initial_conditions.osm line 132)
osmose[warn] . . . Parameter already defined population.initialization.biomass.sp16 = 0.294 (from /gpfs/home/xiangyyang/XYData/E2E/OSMOSE_HRENYB/calibration_05-20-2025/master/calibration_parameters.osm line 24)
osmose[warn] . . . Osmose will ignore parameter population.initialization.biomass.sp17 = 0.053 (from /gpfs/home/xiangyyang/XYData/E2E/OSMOSE_HRENYB/initial_conditions.osm line 140)
osmose[warn] . . . Parameter already defined population.initialization.biomass.sp17 = 0.0530000000000001 (from /gpfs/home/xiangyyang/XYData/E2E/OSMOSE_HRENYB/calibration_05-20-2025/master/calibration_parameters.osm line 25)
osmose[info] Configuration version: 4.4.1
osmose[warn] Could not find Boolean parameter module.bioenergetics.enabled. Osmose assumes it is false.
osmose[warn] Could not find Boolean parameter module.genetics.enabled. Osmose assumes it is false.
osmose[warn] Could not find parameter 'simulation.restart.enabled'. Osmose assumes it is true and a NetCDF restart file will be created at the end of the simulation (or more, depending on parameters 'simulation.restart.recordfrequency.ndt' and 'simulation.restart.spinup').
osmose[info] Simulation restart spinup is 0
osmose[info] Output folder set to /gpfs/home/xiangyyang/XYData/E2E/OSMOSE_HRENYB/calibration_05-20-2025/master/output/
osmose[info] Output CSV separator set to COMA
SLF4J: Failed to load class "org.slf4j.impl.StaticLoggerBinder".
SLF4J: Defaulting to no-operation (NOP) logger implementation
SLF4J: See http://www.slf4j.org/codes.html#StaticLoggerBinder for further details.
osmose[warn] Could not find Boolean parameter module.bioeconomics.enabled. Osmose assumes it is false.
osmose[info] Simulation 0 started...
osmose[info] 0: Using default tiny (0.000001).
osmose[info] 1: Using default tiny (0.000001).
osmose[info] 2: Using default tiny (0.000001).
osmose[info] 3: Using default tiny (0.000001).
osmose[info] 4: Using default tiny (0.000001).
osmose[info] 5: Using default tiny (0.000001).
osmose[info] 6: Using default tiny (0.000001).
osmose[info] 7: Using default tiny (0.000001).
osmose[info] 8: Using default tiny (0.000001).
osmose[info] 9: Using default tiny (0.000001).
osmose[info] 10: Using default tiny (0.000001).
osmose[info] 11: Using default tiny (0.000001).
osmose[info] 12: Using default tiny (0.000001).
osmose[info] 13: Using default tiny (0.000001).
osmose[info] 14: Using default tiny (0.000001).
osmose[info] 15: Using default tiny (0.000001).
osmose[warn] Could not find Boolean parameter simulation.growth.byWeight. Osmose assumes it is false.
osmose[info] Growth function VonBertalanffy used for species AtlanticHerring.
osmose[info] Growth function VonBertalanffy used for species AtlanticMackerel.
osmose[info] Growth function VonBertalanffy used for species BlackSeaBass.
osmose[info] Growth function VonBertalanffy used for species Scup.
osmose[info] Growth function VonBertalanffy used for species SpinyDogfish.
osmose[info] Growth function VonBertalanffy used for species StripedBass.
osmose[info] Growth function VonBertalanffy used for species Goosefish.
osmose[info] Growth function VonBertalanffy used for species Haddock.
osmose[info] Growth function VonBertalanffy used for species WinterFlounder.
osmose[info] Growth function VonBertalanffy used for species Squids.
osmose[info] Growth function VonBertalanffy used for species Flounders.
osmose[info] Growth function VonBertalanffy used for species SkateRays.
osmose[info] Growth function VonBertalanffy used for species Hakes.
osmose[info] Growth function VonBertalanffy used for species Benthopelagics.
osmose[info] Growth function VonBertalanffy used for species MiscellaneousDemersals.
osmose[info] Growth function VonBertalanffy used for species ShallowDemersal.
osmose[info] Growth function VonBertalanffy used for species WhitePerch.
osmose[info] Growth function VonBertalanffy used for species AtlanticTomcod.
osmose[warn] Could not find Boolean parameter movement.checks.enabled. Osmose assumes it is false.
osmose[warn] Could not find Boolean parameter movement.checks.enabled. Osmose assumes it is false.
osmose[warn] Could not find Boolean parameter movement.checks.enabled. Osmose assumes it is false.
osmose[warn] Could not find Boolean parameter movement.checks.enabled. Osmose assumes it is false.
osmose[warn] Could not find Boolean parameter movement.checks.enabled. Osmose assumes it is false.
osmose[warn] Could not find Boolean parameter movement.checks.enabled. Osmose assumes it is false.
osmose[warn] Could not find Boolean parameter movement.checks.enabled. Osmose assumes it is false.
osmose[warn] Could not find Boolean parameter movement.checks.enabled. Osmose assumes it is false.
osmose[warn] Could not find Boolean parameter movement.checks.enabled. Osmose assumes it is false.
osmose[warn] Could not find Boolean parameter movement.checks.enabled. Osmose assumes it is false.
osmose[warn] Could not find Boolean parameter movement.checks.enabled. Osmose assumes it is false.
osmose[warn] Could not find Boolean parameter movement.checks.enabled. Osmose assumes it is false.
osmose[warn] Could not find Boolean parameter movement.checks.enabled. Osmose assumes it is false.
osmose[warn] Could not find Boolean parameter movement.checks.enabled. Osmose assumes it is false.
osmose[warn] Could not find Boolean parameter movement.checks.enabled. Osmose assumes it is false.
osmose[warn] Could not find Boolean parameter movement.checks.enabled. Osmose assumes it is false.
osmose[warn] Could not find Boolean parameter movement.checks.enabled. Osmose assumes it is false.
osmose[warn] Could not find Boolean parameter movement.checks.enabled. Osmose assumes it is false.
osmose[warn] The minimum value for output distribution was set equal to 0. It has been corrected to 10.0
osmose[warn] The minimum value for output distribution was set equal to 0. It has been corrected to 2.0
osmose[warn] Could not find Boolean parameter output.spatial.abundance.enabled. Osmose assumes it is false.
osmose[warn] Could not find Boolean parameter output.spatial.biomass.enabled. Osmose assumes it is false.
osmose[warn] Could not find Boolean parameter output.spatial.size.enabled. Osmose assumes it is false.
osmose[warn] Could not find Boolean parameter output.spatial.enet.enabled. Osmose assumes it is false.
osmose[warn] Could not find Boolean parameter output.spatial.enet.larvae.enabled. Osmose assumes it is false.
osmose[warn] Could not find Boolean parameter output.spatial.enet.juv.enabled. Osmose assumes it is false.
osmose[warn] Could not find Boolean parameter output.spatial.mstarv.enabled. Osmose assumes it is false.
osmose[warn] Could not find Boolean parameter output.spatial.mpred.enabled. Osmose assumes it is false.
osmose[warn] Could not find Boolean parameter output.spatial.dg.enabled. Osmose assumes it is false.
osmose[warn] Could not find Boolean parameter output.spatial.egg.enabled. Osmose assumes it is false.
osmose[warn] Could not find Boolean parameter output.spatial.fisheries.enabled. Osmose assumes it is false.
osmose[warn] Could not find Boolean parameter output.fisheries.byage.enabled. Osmose assumes it is false.
osmose[warn] Could not find Boolean parameter output.fisheries.bysize.enabled. Osmose assumes it is false.
osmose[warn] Could not find Boolean parameter simulation.growth.byWeight. Osmose assumes it is false.
osmose[info] Growth function VonBertalanffy used for species AtlanticHerring.
osmose[info] Growth function VonBertalanffy used for species AtlanticMackerel.
osmose[info] Growth function VonBertalanffy used for species BlackSeaBass.
osmose[info] Growth function VonBertalanffy used for species Scup.
osmose[info] Growth function VonBertalanffy used for species SpinyDogfish.
osmose[info] Growth function VonBertalanffy used for species StripedBass.
osmose[info] Growth function VonBertalanffy used for species Goosefish.
osmose[info] Growth function VonBertalanffy used for species Haddock.
osmose[info] Growth function VonBertalanffy used for species WinterFlounder.
osmose[info] Growth function VonBertalanffy used for species Squids.
osmose[info] Growth function VonBertalanffy used for species Flounders.
osmose[info] Growth function VonBertalanffy used for species SkateRays.
osmose[info] Growth function VonBertalanffy used for species Hakes.
osmose[info] Growth function VonBertalanffy used for species Benthopelagics.
osmose[info] Growth function VonBertalanffy used for species MiscellaneousDemersals.
osmose[info] Growth function VonBertalanffy used for species ShallowDemersal.
osmose[info] Growth function VonBertalanffy used for species WhitePerch.
osmose[info] Growth function VonBertalanffy used for species AtlanticTomcod.
osmose[info] year 0
osmose[info] year 1
osmose[info] year 2
osmose[info] year 3
osmose[info] year 4
osmose[info] year 5
osmose[info] year 6
osmose[info] year 7
osmose[info] year 8
osmose[info] year 9
osmose[info] year 10
osmose[info] year 11
osmose[info] year 12
osmose[info] year 13
osmose[info] year 14
osmose[info] year 15
osmose[info] year 16
osmose[info] year 17
osmose[info] year 18
osmose[info] year 19
osmose[info] year 20
osmose[info] year 21
osmose[info] year 22
osmose[info] year 23
osmose[info] year 24
osmose[info] year 25
osmose[info] year 26
osmose[info] year 27
osmose[info] year 28
osmose[info] year 29
osmose[info] year 30
osmose[info] year 31
osmose[info] year 32
osmose[info] year 33
osmose[info] year 34
osmose[info] year 35
osmose[info] year 36
osmose[info] year 37
osmose[info] year 38
osmose[info] year 39
osmose[info] year 40
osmose[info] year 41
osmose[info] year 42
osmose[info] year 43
osmose[info] year 44
osmose[info] year 45
osmose[info] year 46
osmose[info] year 47
osmose[info] year 48
osmose[info] year 49
osmose[info] year 50
osmose[info] year 51
osmose[info] year 52
osmose[info] year 53
osmose[info] year 54
