i1, 3, 10:52:45, 0, 0, 2
i2, 3, 10:52:49, 0, 0, 2
i3, 3, 10:52:53, 0, 0, 2
i4, 3, 10:52:57, 0, 0, 2
i5, 3, 10:53:01, 0, 0, 2
i6, 3, 10:53:04, 0, 0, 2
i7, 3, 10:53:08, 0, 0, 2
i8, 3, 10:53:12, 0, 0, 2
i9, 3, 10:53:16, 0, 0, 2
i10, 3, 10:53:19, 0, 0, 2
i11, 3, 10:53:23, 0, 0, 2
i12, 3, 10:53:27, 0, 0, 2
i13, 3, 10:53:31, 0, 0, 2
i1, 3, 10:53:34, 0, 0, 2
i2, 3, 10:53:38, 0, 0, 2
i3, 3, 10:53:42, 0, 0, 2
i4, 3, 10:53:45, 0, 0, 2
i5, 3, 10:53:49, 0, 0, 2
i6, 3, 10:53:53, 0, 0, 2
i7, 3, 10:53:57, 0, 0, 2
i8, 3, 10:54:00, 0, 0, 2
i9, 3, 10:54:04, 0, 0, 2
i10, 3, 10:54:08, 0, 0, 2
i11, 3, 10:54:12, 0, 0, 2
i12, 3, 10:54:15, 0, 0, 2
i13, 4, 10:54:19, 0, 0, 3
i0, 3, 10:54:23, 0, 0, 2
i0, 3, 10:54:27, 0, 0, 2
i1, 3, 10:54:31, 0, 0, 2
i2, 3, 10:54:35, 0, 0, 2
i3, 3, 10:54:39, 0, 0, 2
i4, 3, 10:54:42, 0, 0, 2
i5, 3, 10:54:46, 0, 0, 2
i6, 3, 10:54:49, 0, 0, 2
i7, 3, 10:54:53, 0, 0, 2
i8, 3, 10:54:57, 0, 0, 2
i9, 3, 10:55:01, 0, 0, 2
i10, 3, 10:55:04, 0, 0, 2
i11, 3, 10:55:08, 0, 0, 2
i12, 3, 10:55:12, 0, 0, 2
i13, 4, 10:55:15, 0, 0, 3
i14, 3, 10:55:20, 0, 0, 2
i15, 3, 10:55:23, 0, 0, 2
i16, 3, 10:55:27, 0, 0, 2
i17, 3, 10:55:30, 0, 0, 2
i1, 3, 10:55:34, 0, 0, 2
i2, 3, 10:55:38, 0, 0, 2
i3, 3, 10:55:42, 0, 0, 2
i4, 3, 10:55:45, 0, 0, 2
i5, 3, 10:55:49, 0, 0, 2
i6, 3, 10:55:53, 0, 0, 2
i7, 3, 10:55:56, 0, 0, 2
i8, 3, 10:56:00, 0, 0, 2
i9, 3, 10:56:04, 0, 0, 2
i10, 3, 10:56:08, 0, 0, 2
i11, 3, 10:56:11, 0, 0, 2
i12, 4, 10:56:15, 0, 0, 3
i13, 3, 10:56:19, 0, 0, 2
i14, 3, 10:56:23, 0, 0, 2
i15, 3, 10:56:26, 0, 0, 2
i16, 3, 10:56:30, 0, 0, 2
i17, 3, 10:56:34, 0, 0, 2
i0, 3, 10:56:38, 0, 0, 2
i0, 3, 10:56:41, 0, 0, 2
i1, 3, 10:56:46, 0, 0, 2
i2, 3, 10:56:50, 0, 0, 2
i3, 3, 10:56:53, 0, 0, 2
i4, 3, 10:56:57, 0, 0, 2
i5, 3, 10:57:01, 0, 0, 2
i6, 3, 10:57:05, 0, 0, 2
i7, 3, 10:57:09, 0, 0, 2
i8, 3, 10:57:12, 0, 0, 2
i9, 3, 10:57:16, 0, 0, 2
i10, 3, 10:57:20, 0, 0, 2
i11, 3, 10:57:24, 0, 0, 2
i12, 3, 10:57:27, 0, 0, 2
i13, 3, 10:57:31, 0, 0, 2
i14, 3, 10:57:35, 0, 0, 2
i15, 3, 10:57:39, 0, 0, 2
i16, 3, 10:57:42, 0, 0, 2
i17, 3, 10:57:46, 0, 0, 2
i18, 3, 10:57:50, 0, 0, 2
i19, 3, 10:57:54, 0, 0, 2
i20, 3, 10:57:57, 0, 0, 2
i21, 3, 10:58:01, 0, 0, 2
i22, 3, 10:58:05, 0, 0, 2
i23, 3, 10:58:09, 0, 0, 2
i24, 3, 10:58:13, 0, 0, 2
i25, 3, 10:58:16, 0, 0, 2
i26, 3, 10:58:20, 0, 0, 2
i1, 3, 10:58:24, 0, 0, 2
i2, 3, 10:58:28, 0, 0, 2
i3, 3, 10:58:32, 0, 0, 2
i4, 3, 10:58:35, 0, 0, 2
i5, 3, 10:58:39, 0, 0, 2
i6, 3, 10:58:43, 0, 0, 2
i7, 3, 10:58:47, 0, 0, 2
i8, 3, 10:58:50, 0, 0, 2
i9, 3, 10:58:54, 0, 0, 2
i10, 3, 10:58:58, 0, 0, 2
i11, 4, 10:59:02, 0, 0, 3
i12, 3, 10:59:06, 0, 0, 2
i13, 3, 10:59:09, 0, 0, 2
i14, 3, 10:59:13, 0, 0, 2
i15, 3, 10:59:17, 0, 0, 2
i16, 3, 10:59:21, 0, 0, 2
i17, 3, 10:59:25, 0, 0, 2
i18, 3, 10:59:28, 0, 0, 2
i19, 3, 10:59:32, 0, 0, 2
i20, 3, 10:59:36, 0, 0, 2
i21, 3, 10:59:39, 0, 0, 2
i22, 3, 10:59:43, 0, 0, 2
i23, 3, 10:59:47, 0, 0, 2
i24, 3, 10:59:51, 0, 0, 2
i25, 3, 10:59:54, 0, 0, 2
i26, 4, 10:59:58, 0, 0, 2
i0, 3, 11:00:03, 0, 0, 2
i0, 3, 11:00:06, 0, 0, 2
i1, 3, 11:00:12, 0, 0, 2
i2, 3, 11:00:15, 0, 0, 2
i3, 3, 11:00:19, 0, 0, 2
i4, 3, 11:00:23, 0, 0, 2
i5, 3, 11:00:27, 0, 0, 2
i6, 3, 11:00:31, 0, 0, 2
i7, 3, 11:00:34, 0, 0, 2
i8, 3, 11:00:38, 0, 0, 2
i9, 3, 11:00:42, 0, 0, 2
i10, 3, 11:00:46, 0, 0, 2
i11, 3, 11:00:49, 0, 0, 2
i12, 3, 11:00:53, 0, 0, 2
i13, 3, 11:00:57, 0, 0, 2
i14, 3, 11:01:01, 0, 0, 2
i15, 3, 11:01:04, 0, 0, 2
i16, 3, 11:01:08, 0, 0, 2
i17, 4, 11:01:12, 0, 0, 3
i18, 3, 11:01:16, 0, 0, 2
i19, 3, 11:01:19, 0, 0, 2
i20, 3, 11:01:23, 0, 0, 2
i21, 3, 11:01:27, 0, 0, 2
i22, 3, 11:01:31, 0, 0, 2
i23, 3, 11:01:34, 0, 0, 2
i24, 3, 11:01:38, 0, 0, 2
i25, 3, 11:01:41, 0, 0, 2
i26, 3, 11:01:45, 0, 0, 2
i27, 3, 11:01:49, 0, 0, 2
i1, 3, 11:01:53, 0, 0, 2
i2, 3, 11:01:57, 0, 0, 2
i3, 3, 11:02:01, 0, 0, 2
i4, 3, 11:02:04, 0, 0, 2
i5, 3, 11:02:08, 0, 0, 2
i6, 3, 11:02:12, 0, 0, 2
i7, 3, 11:02:16, 0, 0, 2
i8, 3, 11:02:19, 0, 0, 2
i9, 3, 11:02:23, 0, 0, 2
i10, 3, 11:02:27, 0, 0, 2
i11, 3, 11:02:31, 0, 0, 2
i12, 3, 11:02:35, 0, 0, 2
i13, 3, 11:02:38, 0, 0, 2
i14, 3, 11:02:42, 0, 0, 2
i15, 3, 11:02:46, 0, 0, 2
i16, 3, 11:02:50, 0, 0, 2
i17, 3, 11:02:53, 0, 0, 2
i18, 3, 11:02:57, 0, 0, 2
i19, 3, 11:03:01, 0, 0, 2
i20, 3, 11:03:05, 0, 0, 2
i21, 3, 11:03:09, 0, 0, 2
i22, 3, 11:03:13, 0, 0, 2
i23, 4, 11:03:16, 0, 0, 2
i24, 3, 11:03:20, 0, 0, 2
i25, 3, 11:03:24, 0, 0, 2
i26, 3, 11:03:28, 0, 0, 2
i27, 3, 11:03:32, 0, 0, 2
i0, 3, 11:03:35, 0, 0, 2
i0, 3, 11:03:39, 0, 0, 2
i1, 3, 11:03:44, 0, 0, 2
i2, 3, 11:03:48, 0, 0, 2
i3, 3, 11:03:52, 0, 0, 2
i4, 3, 11:03:55, 0, 0, 2
i5, 3, 11:03:59, 0, 0, 2
i6, 3, 11:04:03, 0, 0, 2
i7, 3, 11:04:07, 0, 0, 2
i8, 3, 11:04:10, 0, 0, 2
i9, 3, 11:04:14, 0, 0, 2
i10, 3, 11:04:18, 0, 0, 2
i11, 3, 11:04:22, 0, 0, 2
i12, 3, 11:04:26, 0, 0, 2
i13, 3, 11:04:29, 0, 0, 2
i14, 3, 11:04:33, 0, 0, 2
i15, 3, 11:04:37, 0, 0, 2
i16, 3, 11:04:41, 0, 0, 2
i17, 3, 11:04:45, 0, 0, 2
i18, 4, 11:04:48, 0, 0, 3
i19, 3, 11:04:53, 0, 0, 2
i20, 3, 11:04:57, 0, 0, 2
i21, 3, 11:05:00, 0, 0, 2
i22, 3, 11:05:04, 0, 0, 2
i23, 3, 11:05:08, 0, 0, 2
i24, 3, 11:05:11, 0, 0, 2
i25, 3, 11:05:15, 0, 0, 2
i26, 3, 11:05:19, 0, 0, 2
i27, 3, 11:05:23, 0, 0, 2
i1, 3, 11:05:26, 0, 0, 2
i2, 3, 11:05:30, 0, 0, 2
i3, 3, 11:05:34, 0, 0, 2
i4, 3, 11:05:38, 0, 0, 2
i5, 3, 11:05:42, 0, 0, 2
i6, 3, 11:05:46, 0, 0, 2
i7, 3, 11:05:49, 0, 0, 2
i8, 3, 11:05:53, 0, 0, 2
i9, 3, 11:05:57, 0, 0, 2
i10, 3, 11:06:00, 0, 0, 2
i11, 3, 11:06:04, 0, 0, 2
i12, 3, 11:06:08, 0, 0, 2
i13, 4, 11:06:12, 0, 0, 3
i14, 3, 11:06:16, 0, 0, 2
i15, 3, 11:06:20, 0, 0, 2
i16, 3, 11:06:23, 0, 0, 2
i17, 3, 11:06:27, 0, 0, 2
i18, 3, 11:06:31, 0, 0, 2
i19, 3, 11:06:34, 0, 0, 2
i20, 3, 11:06:38, 0, 0, 2
i21, 3, 11:06:42, 0, 0, 2
i22, 3, 11:06:46, 0, 0, 2
i23, 3, 11:06:50, 0, 0, 2
i24, 3, 11:06:53, 0, 0, 2
i25, 3, 11:06:57, 0, 0, 2
i26, 3, 11:07:01, 0, 0, 2
i27, 3, 11:07:05, 0, 0, 2
i0, 3, 11:07:09, 0, 0, 2
i0, 3, 11:07:12, 0, 0, 2
i1, 3, 11:27:50, 0, 0, 2
i2, 4, 11:27:54, 0, 0, 2
i3, 4, 11:27:58, 0, 0, 2
i4, 3, 11:28:02, 0, 0, 2
i5, 3, 11:28:06, 0, 0, 2
i6, 3, 11:28:10, 0, 0, 2
i7, 3, 11:28:14, 0, 0, 2
i8, 3, 11:28:17, 0, 0, 2
i9, 3, 11:28:21, 0, 0, 2
i10, 3, 11:28:24, 0, 0, 2
i11, 3, 11:28:28, 0, 0, 2
i12, 3, 11:28:32, 0, 0, 2
i13, 3, 11:28:36, 0, 0, 2
i1, 3, 11:28:39, 0, 0, 2
i2, 3, 11:28:43, 0, 0, 2
i3, 3, 11:28:47, 0, 0, 2
i4, 3, 11:28:50, 0, 0, 2
i5, 3, 11:28:54, 0, 0, 2
i6, 3, 11:28:58, 0, 0, 2
i7, 3, 11:29:02, 0, 0, 2
i8, 3, 11:29:05, 0, 0, 2
i9, 3, 11:29:09, 0, 0, 2
i10, 3, 11:29:13, 0, 0, 2
i11, 3, 11:29:16, 0, 0, 2
i12, 3, 11:29:20, 0, 0, 2
i13, 3, 11:29:24, 0, 0, 2
i0, 3, 11:29:27, 0, 0, 2
i0, 3, 11:29:31, 0, 0, 2
i1, 3, 11:29:36, 0, 0, 2
i2, 3, 11:29:39, 0, 0, 2
i3, 3, 11:29:43, 0, 0, 2
i4, 3, 11:29:47, 0, 0, 2
i5, 4, 11:29:51, 0, 0, 3
i6, 3, 11:29:55, 0, 0, 2
i7, 3, 11:29:58, 0, 0, 2
i8, 4, 11:30:02, 0, 0, 3
i9, 3, 11:30:07, 0, 0, 2
i10, 3, 11:30:10, 0, 0, 2
i11, 3, 11:30:14, 0, 0, 2
i12, 4, 11:30:18, 0, 0, 2
i13, 3, 11:30:22, 0, 0, 2
i14, 3, 11:30:26, 0, 0, 2
i15, 3, 11:30:29, 0, 0, 2
i16, 3, 11:30:33, 0, 0, 2
i17, 3, 11:30:37, 0, 0, 2
i1, 3, 11:30:40, 0, 0, 2
i2, 3, 11:30:44, 0, 0, 2
i3, 3, 11:30:48, 0, 0, 2
i4, 3, 11:30:52, 0, 0, 2
i5, 3, 11:30:55, 0, 0, 2
i6, 3, 11:30:59, 0, 0, 2
i7, 3, 11:31:03, 0, 0, 2
i8, 3, 11:31:07, 0, 0, 2
i9, 3, 11:31:10, 0, 0, 2
i10, 3, 11:31:14, 0, 0, 2
i11, 3, 11:31:18, 0, 0, 2
i12, 3, 11:31:21, 0, 0, 2
i13, 3, 11:31:25, 0, 0, 2
i14, 3, 11:31:29, 0, 0, 2
i15, 3, 11:31:33, 0, 0, 2
i16, 3, 11:31:36, 0, 0, 2
i17, 3, 11:31:40, 0, 0, 2
i0, 3, 11:31:43, 0, 0, 2
i0, 3, 11:31:47, 0, 0, 2
i1, 3, 11:31:52, 0, 0, 2
i2, 3, 11:31:55, 0, 0, 2
i3, 3, 11:31:59, 0, 0, 2
i4, 4, 11:32:03, 0, 0, 2
i5, 3, 11:32:07, 0, 0, 2
i6, 3, 11:32:11, 0, 0, 2
i7, 3, 11:32:15, 0, 0, 2
i8, 3, 11:32:18, 0, 0, 2
i9, 3, 11:32:22, 0, 0, 2
i10, 3, 11:32:26, 0, 0, 2
i11, 3, 11:32:29, 0, 0, 2
i12, 3, 11:32:33, 0, 0, 2
i13, 3, 11:32:37, 0, 0, 2
i14, 3, 11:32:41, 0, 0, 2
i15, 3, 11:32:44, 0, 0, 2
i16, 3, 11:32:48, 0, 0, 2
i17, 3, 11:32:52, 0, 0, 2
i18, 3, 11:32:56, 0, 0, 2
i19, 3, 11:32:59, 0, 0, 2
i20, 3, 11:33:03, 0, 0, 2
i21, 3, 11:33:07, 0, 0, 2
i22, 3, 11:33:11, 0, 0, 2
i23, 3, 11:33:14, 0, 0, 2
i24, 3, 11:33:18, 0, 0, 2
i25, 3, 11:33:22, 0, 0, 2
i26, 3, 11:33:25, 0, 0, 2
i1, 3, 11:33:29, 0, 0, 2
i2, 3, 11:33:33, 0, 0, 2
i3, 3, 11:33:37, 0, 0, 2
i4, 3, 11:33:41, 0, 0, 2
i5, 3, 11:33:45, 0, 0, 2
i6, 3, 11:33:48, 0, 0, 2
i7, 3, 11:33:52, 0, 0, 2
i8, 3, 11:33:56, 0, 0, 2
i9, 3, 11:34:00, 0, 0, 2
i10, 3, 11:34:03, 0, 0, 2
i11, 3, 11:34:07, 0, 0, 2
i12, 4, 11:34:10, 0, 0, 3
i13, 3, 11:34:15, 0, 0, 2
i14, 3, 11:34:18, 0, 0, 2
i15, 3, 11:34:22, 0, 0, 2
i16, 3, 11:34:26, 0, 0, 2
i17, 3, 11:34:29, 0, 0, 2
i18, 3, 11:34:33, 0, 0, 2
i19, 4, 11:34:37, 0, 0, 3
i20, 3, 11:34:41, 0, 0, 2
i21, 3, 11:34:45, 0, 0, 2
i22, 3, 11:34:49, 0, 0, 2
i23, 3, 11:34:52, 0, 0, 2
i24, 3, 11:34:56, 0, 0, 2
i25, 3, 11:34:59, 0, 0, 2
i26, 3, 11:35:03, 0, 0, 2
i0, 3, 11:35:07, 0, 0, 2
i0, 3, 11:35:11, 0, 0, 2
i1, 3, 11:35:16, 0, 0, 2
i2, 3, 11:35:20, 0, 0, 2
i3, 3, 11:35:24, 0, 0, 2
i4, 3, 11:35:27, 0, 0, 2
i5, 3, 11:35:31, 0, 0, 2
i6, 3, 11:35:35, 0, 0, 2
i7, 3, 11:35:38, 0, 0, 2
i8, 3, 11:35:42, 0, 0, 2
i9, 3, 11:35:46, 0, 0, 2
i10, 3, 11:35:50, 0, 0, 2
i11, 3, 11:35:54, 0, 0, 2
i12, 3, 11:35:57, 0, 0, 2
i13, 3, 11:36:01, 0, 0, 2
i14, 3, 11:36:05, 0, 0, 2
i15, 4, 11:36:08, 0, 0, 3
i16, 3, 11:36:13, 0, 0, 2
i17, 3, 11:36:16, 0, 0, 2
i18, 3, 11:36:20, 0, 0, 2
i19, 3, 11:36:24, 0, 0, 2
i20, 3, 11:36:28, 0, 0, 2
i21, 3, 11:36:31, 0, 0, 2
i22, 3, 11:36:35, 0, 0, 2
i23, 3, 11:36:39, 0, 0, 2
i24, 3, 11:36:42, 0, 0, 2
i25, 3, 11:36:46, 0, 0, 2
i26, 3, 11:36:50, 0, 0, 2
i27, 3, 11:36:54, 0, 0, 2
i1, 3, 11:36:57, 0, 0, 2
i2, 3, 11:37:01, 0, 0, 2
i3, 3, 11:37:05, 0, 0, 2
i4, 3, 11:37:09, 0, 0, 2
i5, 3, 11:37:13, 0, 0, 2
i6, 3, 11:37:16, 0, 0, 2
i7, 3, 11:37:20, 0, 0, 2
i8, 3, 11:37:24, 0, 0, 2
i9, 3, 11:37:28, 0, 0, 2
i10, 3, 11:37:32, 0, 0, 2
i11, 3, 11:37:35, 0, 0, 2
i12, 3, 11:37:39, 0, 0, 2
i13, 3, 11:37:43, 0, 0, 2
i14, 3, 11:37:47, 0, 0, 2
i15, 3, 11:37:51, 0, 0, 2
i16, 3, 11:37:54, 0, 0, 2
i17, 3, 11:37:58, 0, 0, 2
i18, 3, 11:38:02, 0, 0, 2
i19, 3, 11:38:06, 0, 0, 2
i20, 3, 11:38:09, 0, 0, 2
i21, 3, 11:38:13, 0, 0, 2
i22, 3, 11:38:17, 0, 0, 2
i23, 4, 11:38:21, 0, 0, 3
i24, 3, 11:38:25, 0, 0, 2
i25, 3, 11:38:28, 0, 0, 2
i26, 3, 11:38:32, 0, 0, 2
i27, 3, 11:38:36, 0, 0, 2
i0, 3, 11:38:40, 0, 0, 2
i0, 3, 11:38:44, 0, 0, 2
i1, 3, 11:38:48, 0, 0, 2
i2, 3, 11:38:52, 0, 0, 2
i3, 4, 11:38:56, 0, 0, 3
i4, 3, 11:39:00, 0, 0, 2
i5, 3, 11:39:04, 0, 0, 2
i6, 3, 11:39:07, 0, 0, 2
i7, 3, 11:39:11, 0, 0, 2
i8, 4, 11:39:15, 0, 0, 3
i9, 3, 11:39:19, 0, 0, 2
i10, 3, 11:39:23, 0, 0, 2
i11, 3, 11:39:27, 0, 0, 2
i12, 3, 11:39:30, 0, 0, 2
i13, 3, 11:39:34, 0, 0, 2
i14, 3, 11:39:38, 0, 0, 2
i15, 3, 11:39:42, 0, 0, 2
i16, 3, 11:39:46, 0, 0, 2
i17, 3, 11:39:49, 0, 0, 2
i18, 3, 11:39:53, 0, 0, 2
i19, 3, 11:39:57, 0, 0, 2
i20, 3, 11:40:00, 0, 0, 2
i21, 3, 11:40:04, 0, 0, 2
i22, 3, 11:40:08, 0, 0, 2
i23, 3, 11:40:12, 0, 0, 2
i24, 3, 11:40:16, 0, 0, 2
i25, 3, 11:40:19, 0, 0, 2
i26, 3, 11:40:23, 0, 0, 2
i27, 3, 11:40:27, 0, 0, 2
i1, 4, 11:40:31, 0, 0, 2
i2, 3, 11:40:35, 0, 0, 2
i3, 3, 11:40:39, 0, 0, 2
i4, 3, 11:40:43, 0, 0, 2
i5, 3, 11:40:46, 0, 0, 2
i6, 3, 11:40:50, 0, 0, 2
i7, 3, 11:40:54, 0, 0, 2
i8, 3, 11:40:58, 0, 0, 2
i9, 4, 11:41:01, 0, 0, 3
i10, 3, 11:41:05, 0, 0, 2
i11, 3, 11:41:09, 0, 0, 2
i12, 3, 11:41:13, 0, 0, 2
i13, 3, 11:41:16, 0, 0, 2
i14, 3, 11:41:20, 0, 0, 2
i15, 3, 11:41:24, 0, 0, 2
i16, 3, 11:41:28, 0, 0, 2
i17, 3, 11:41:31, 0, 0, 2
i18, 3, 11:41:35, 0, 0, 2
i19, 3, 11:41:39, 0, 0, 2
i20, 3, 11:41:43, 0, 0, 2
i21, 3, 11:41:47, 0, 0, 2
i22, 3, 11:41:50, 0, 0, 2
i23, 3, 11:41:54, 0, 0, 2
i24, 3, 11:41:58, 0, 0, 2
i25, 3, 11:42:02, 0, 0, 2
i26, 3, 11:42:05, 0, 0, 2
i27, 3, 11:42:09, 0, 0, 2
i0, 4, 11:42:13, 0, 0, 3
i0, 3, 11:42:17, 0, 0, 2
i2, 4, 14:02:38, 0, 0, 3
i3, 4, 14:02:38, 0, 0, 3
i1, 4, 14:02:38, 0, 0, 3
i4, 3, 14:02:42, 0, 0, 2
i5, 4, 14:02:43, 0, 0, 3
i6, 4, 14:02:43, 0, 0, 2
i7, 3, 14:02:46, 0, 0, 2
i8, 3, 14:02:47, 0, 0, 2
i9, 3, 14:02:47, 0, 0, 2
i10, 3, 14:02:50, 0, 0, 2
i11, 3, 14:02:50, 0, 0, 2
i12, 3, 14:02:50, 0, 0, 2
i13, 3, 14:02:54, 0, 0, 2
i14, 3, 14:02:54, 0, 0, 2
i15, 3, 14:02:54, 0, 0, 2
i3, 3, 14:02:58, 0, 0, 2
i1, 3, 14:02:58, 0, 0, 2
i2, 3, 14:02:58, 0, 0, 2
i4, 3, 14:03:02, 0, 0, 2
i6, 3, 14:03:02, 0, 0, 2
i5, 3, 14:03:02, 0, 0, 2
i7, 3, 14:03:05, 0, 0, 2
i8, 3, 14:03:06, 0, 0, 2
i9, 3, 14:03:06, 0, 0, 2
i10, 3, 14:03:09, 0, 0, 2
i11, 3, 14:03:09, 0, 0, 2
i12, 3, 14:03:09, 0, 0, 2
i13, 3, 14:03:12, 0, 0, 2
i14, 3, 14:03:13, 0, 0, 2
i15, 3, 14:03:13, 0, 0, 2
i0, 3, 14:03:17, 0, 0, 2
i0, 3, 14:03:20, 0, 0, 2
i2, 3, 14:03:25, 0, 0, 2
i3, 3, 14:03:25, 0, 0, 2
i1, 3, 14:03:25, 0, 0, 2
i5, 3, 14:03:28, 0, 0, 2
i4, 3, 14:03:28, 0, 0, 2
i6, 3, 14:03:28, 0, 0, 2
i8, 3, 14:03:32, 0, 0, 2
i7, 3, 14:03:32, 0, 0, 2
i9, 3, 14:03:32, 0, 0, 2
i10, 3, 14:03:35, 0, 0, 2
i12, 3, 14:03:36, 0, 0, 2
i11, 4, 14:03:36, 0, 0, 3
i13, 3, 14:03:39, 0, 0, 2
i14, 3, 14:03:40, 0, 0, 2
i15, 3, 14:03:40, 0, 0, 2
i16, 3, 14:03:43, 0, 0, 2
i17, 3, 14:03:43, 0, 0, 2
i18, 3, 14:03:43, 0, 0, 2
i1, 3, 14:03:47, 0, 0, 2
i2, 3, 14:03:47, 0, 0, 2
i3, 3, 14:03:47, 0, 0, 2
i4, 3, 14:03:51, 0, 0, 2
i5, 3, 14:03:51, 0, 0, 2
i6, 3, 14:03:51, 0, 0, 2
i7, 3, 14:03:54, 0, 0, 2
i9, 3, 14:03:55, 0, 0, 2
i8, 3, 14:03:55, 0, 0, 2
i10, 3, 14:03:58, 0, 0, 2
i11, 3, 14:03:58, 0, 0, 2
i12, 4, 14:03:58, 0, 0, 2
i13, 3, 14:04:02, 0, 0, 2
i14, 3, 14:04:02, 0, 0, 2
i15, 3, 14:04:02, 0, 0, 2
i16, 3, 14:04:05, 0, 0, 2
i17, 3, 14:04:06, 0, 0, 2
i18, 3, 14:04:06, 0, 0, 2
i0, 3, 14:04:10, 0, 0, 2
i0, 3, 14:04:13, 0, 0, 2
i3, 3, 14:04:19, 0, 0, 2
i2, 3, 14:04:19, 0, 0, 2
i1, 3, 14:04:19, 0, 0, 2
i4, 3, 14:04:23, 0, 0, 2
i5, 3, 14:04:23, 0, 0, 2
i6, 3, 14:04:23, 0, 0, 2
i8, 3, 14:04:26, 0, 0, 2
i9, 3, 14:04:27, 0, 0, 2
i7, 4, 14:04:26, 0, 0, 3
i10, 3, 14:04:30, 0, 0, 2
i11, 3, 14:04:30, 0, 0, 2
i12, 3, 14:04:31, 0, 0, 2
i13, 3, 14:04:34, 0, 0, 2
i14, 3, 14:04:34, 0, 0, 2
i15, 3, 14:04:34, 0, 0, 2
i16, 3, 14:04:37, 0, 0, 2
i17, 3, 14:04:38, 0, 0, 2
i18, 3, 14:04:38, 0, 0, 2
i19, 3, 14:04:41, 0, 0, 2
i20, 3, 14:04:42, 0, 0, 2
i21, 3, 14:04:42, 0, 0, 2
i22, 3, 14:04:45, 0, 0, 2
i23, 3, 14:04:45, 0, 0, 2
i24, 3, 14:04:46, 0, 0, 2
i25, 3, 14:04:49, 0, 0, 2
i26, 3, 14:04:49, 0, 0, 2
i27, 3, 14:04:49, 0, 0, 2
i2, 3, 14:04:53, 0, 0, 2
i3, 3, 14:04:53, 0, 0, 2
i1, 3, 14:04:53, 0, 0, 2
i5, 3, 14:04:57, 0, 0, 2
i4, 3, 14:04:57, 0, 0, 2
i6, 3, 14:04:57, 0, 0, 2
i7, 3, 14:05:01, 0, 0, 2
i8, 3, 14:05:01, 0, 0, 2
i9, 3, 14:05:01, 0, 0, 2
i10, 3, 14:05:04, 0, 0, 2
i11, 3, 14:05:05, 0, 0, 2
i12, 3, 14:05:05, 0, 0, 2
i13, 3, 14:05:08, 0, 0, 2
i14, 3, 14:05:08, 0, 0, 2
i15, 3, 14:05:08, 0, 0, 2
i16, 3, 14:05:12, 0, 0, 2
i17, 3, 14:05:12, 0, 0, 2
i18, 3, 14:05:12, 0, 0, 2
i19, 3, 14:05:15, 0, 0, 2
i20, 3, 14:05:16, 0, 0, 2
i21, 3, 14:05:16, 0, 0, 2
i22, 3, 14:05:19, 0, 0, 2
i23, 3, 14:05:19, 0, 0, 2
i24, 3, 14:05:20, 0, 0, 2
i25, 3, 14:05:23, 0, 0, 2
i27, 3, 14:05:23, 0, 0, 2
i26, 3, 14:05:23, 0, 0, 2
i0, 3, 14:05:27, 0, 0, 2
i0, 3, 14:05:31, 0, 0, 2
i3, 3, 14:05:36, 0, 0, 2
i2, 3, 14:05:36, 0, 0, 2
i1, 3, 14:05:36, 0, 0, 2
i4, 3, 14:05:40, 0, 0, 2
i5, 3, 14:05:40, 0, 0, 2
i6, 3, 14:05:40, 0, 0, 2
i7, 3, 14:05:43, 0, 0, 2
i8, 3, 14:05:43, 0, 0, 2
i9, 3, 14:05:44, 0, 0, 2
i10, 3, 14:05:47, 0, 0, 2
i11, 3, 14:05:47, 0, 0, 2
i12, 3, 14:05:47, 0, 0, 2
i13, 3, 14:05:51, 0, 0, 2
i14, 3, 14:05:51, 0, 0, 2
i15, 3, 14:05:51, 0, 0, 2
i16, 3, 14:05:54, 0, 0, 2
i17, 3, 14:05:55, 0, 0, 2
i18, 3, 14:05:55, 0, 0, 2
i19, 3, 14:05:58, 0, 0, 2
i20, 3, 14:05:58, 0, 0, 2
i21, 3, 14:05:59, 0, 0, 2
i22, 3, 14:06:02, 0, 0, 2
i24, 3, 14:06:02, 0, 0, 2
i23, 3, 14:06:02, 0, 0, 2
i25, 3, 14:06:05, 0, 0, 2
i26, 3, 14:06:06, 0, 0, 2
i27, 3, 14:06:06, 0, 0, 2
i3, 3, 14:06:10, 0, 0, 2
i2, 3, 14:06:10, 0, 0, 2
i1, 3, 14:06:10, 0, 0, 2
i4, 3, 14:06:14, 0, 0, 2
i5, 3, 14:06:14, 0, 0, 2
i6, 3, 14:06:14, 0, 0, 2
i7, 3, 14:06:18, 0, 0, 2
i8, 3, 14:06:18, 0, 0, 2
i9, 3, 14:06:18, 0, 0, 2
i10, 3, 14:06:21, 0, 0, 2
i11, 3, 14:06:22, 0, 0, 2
i12, 3, 14:06:22, 0, 0, 2
i13, 3, 14:06:25, 0, 0, 2
i14, 3, 14:06:25, 0, 0, 2
i15, 3, 14:06:25, 0, 0, 2
i16, 3, 14:06:28, 0, 0, 2
i17, 3, 14:06:29, 0, 0, 2
i18, 3, 14:06:29, 0, 0, 2
i19, 3, 14:06:32, 0, 0, 2
i20, 3, 14:06:33, 0, 0, 2
i21, 3, 14:06:33, 0, 0, 2
i22, 3, 14:06:35, 0, 0, 2
i23, 3, 14:06:36, 0, 0, 2
i24, 3, 14:06:36, 0, 0, 2
i25, 3, 14:06:39, 0, 0, 2
i26, 3, 14:06:40, 0, 0, 2
i27, 3, 14:06:40, 0, 0, 2
i0, 3, 14:06:44, 0, 0, 2
i0, 3, 14:06:48, 0, 0, 2
i2, 3, 14:06:52, 0, 0, 2
i3, 3, 14:06:52, 0, 0, 2
i1, 4, 14:06:52, 0, 0, 2
i5, 3, 14:06:56, 0, 0, 2
i4, 3, 14:06:56, 0, 0, 2
i6, 3, 14:06:56, 0, 0, 2
i7, 3, 14:07:00, 0, 0, 2
i8, 3, 14:07:00, 0, 0, 2
i9, 3, 14:07:00, 0, 0, 2
i10, 3, 14:07:03, 0, 0, 2
i11, 3, 14:07:04, 0, 0, 2
i12, 3, 14:07:04, 0, 0, 2
i13, 3, 14:07:07, 0, 0, 2
i15, 3, 14:07:07, 0, 0, 2
i14, 3, 14:07:07, 0, 0, 2
i16, 3, 14:07:11, 0, 0, 2
i17, 3, 14:07:11, 0, 0, 2
i18, 3, 14:07:11, 0, 0, 2
i19, 3, 14:07:14, 0, 0, 2
i20, 3, 14:07:15, 0, 0, 2
i21, 3, 14:07:15, 0, 0, 2
i22, 3, 14:07:18, 0, 0, 2
i23, 3, 14:07:19, 0, 0, 2
i24, 3, 14:07:19, 0, 0, 2
i25, 3, 14:07:22, 0, 0, 2
i26, 3, 14:07:22, 0, 0, 2
i27, 3, 14:07:23, 0, 0, 2
i1, 3, 14:07:27, 0, 0, 2
i2, 3, 14:07:27, 0, 0, 2
i3, 3, 14:07:27, 0, 0, 2
i4, 3, 14:07:31, 0, 0, 2
i5, 3, 14:07:31, 0, 0, 2
i6, 3, 14:07:31, 0, 0, 2
i7, 3, 14:07:34, 0, 0, 2
i8, 3, 14:07:34, 0, 0, 2
i9, 3, 14:07:35, 0, 0, 2
i10, 3, 14:07:38, 0, 0, 2
i11, 3, 14:07:38, 0, 0, 2
i12, 3, 14:07:38, 0, 0, 2
i14, 3, 14:07:42, 0, 0, 2
i13, 3, 14:07:42, 0, 0, 2
i15, 3, 14:07:42, 0, 0, 2
i16, 3, 14:07:45, 0, 0, 2
i17, 3, 14:07:45, 0, 0, 2
i18, 3, 14:07:46, 0, 0, 2
i19, 3, 14:07:49, 0, 0, 2
i20, 3, 14:07:49, 0, 0, 2
i21, 3, 14:07:50, 0, 0, 2
i22, 3, 14:07:52, 0, 0, 2
i23, 3, 14:07:53, 0, 0, 2
i24, 3, 14:07:53, 0, 0, 2
i26, 3, 14:07:56, 0, 0, 2
i25, 3, 14:07:56, 0, 0, 2
i27, 3, 14:07:57, 0, 0, 2
i0, 3, 14:08:01, 0, 0, 2
i0, 3, 14:08:04, 0, 0, 2
i1, 3, 14:23:04, 0, 0, 2
i2, 3, 14:23:08, 0, 0, 2
i3, 3, 14:23:11, 0, 0, 2
i4, 3, 14:23:15, 0, 0, 2
i5, 3, 14:23:18, 0, 0, 2
i6, 3, 14:23:22, 0, 0, 2
i7, 3, 14:23:25, 0, 0, 2
i8, 3, 14:23:28, 0, 0, 2
i9, 3, 14:23:32, 0, 0, 2
i10, 3, 14:23:35, 0, 0, 2
i11, 3, 14:23:39, 0, 0, 2
i12, 3, 14:23:42, 0, 0, 2
i13, 3, 14:23:46, 0, 0, 2
i1, 3, 14:23:49, 0, 0, 2
i2, 3, 14:23:52, 0, 0, 2
i3, 3, 14:23:56, 0, 0, 2
i4, 3, 14:23:59, 0, 0, 2
i5, 3, 14:24:03, 0, 0, 2
i6, 3, 14:24:07, 0, 0, 2
i7, 3, 14:24:10, 0, 0, 2
i8, 3, 14:24:13, 0, 0, 2
i9, 3, 14:24:17, 0, 0, 2
i10, 3, 14:24:20, 0, 0, 2
i11, 3, 14:24:24, 0, 0, 2
i12, 3, 14:24:27, 0, 0, 2
i13, 3, 14:24:31, 0, 0, 2
i0, 3, 14:24:34, 0, 0, 2
i0, 3, 14:24:38, 0, 0, 2
i1, 3, 14:24:43, 0, 0, 2
i2, 3, 14:24:46, 0, 0, 2
i3, 3, 14:24:49, 0, 0, 2
i4, 3, 14:24:52, 0, 0, 2
i5, 3, 14:24:56, 0, 0, 2
i6, 3, 14:25:00, 0, 0, 2
i7, 3, 14:25:03, 0, 0, 2
i8, 3, 14:25:07, 0, 0, 2
i9, 3, 14:25:10, 0, 0, 2
i10, 3, 14:25:14, 0, 0, 2
i11, 3, 14:25:17, 0, 0, 2
i12, 3, 14:25:20, 0, 0, 2
i13, 3, 14:25:24, 0, 0, 2
i14, 3, 14:25:27, 0, 0, 2
i15, 3, 14:25:31, 0, 0, 2
i16, 3, 14:25:34, 0, 0, 2
i17, 3, 14:25:38, 0, 0, 2
i1, 3, 14:25:41, 0, 0, 2
i2, 3, 14:25:44, 0, 0, 2
i3, 3, 14:25:48, 0, 0, 2
i4, 3, 14:25:51, 0, 0, 2
i5, 3, 14:25:55, 0, 0, 2
i6, 3, 14:25:58, 0, 0, 2
i7, 3, 14:26:02, 0, 0, 2
i8, 3, 14:26:05, 0, 0, 2
i9, 3, 14:26:09, 0, 0, 2
i10, 3, 14:26:12, 0, 0, 2
i11, 3, 14:26:15, 0, 0, 2
i12, 3, 14:26:19, 0, 0, 2
i13, 3, 14:26:22, 0, 0, 2
i14, 3, 14:26:26, 0, 0, 2
i15, 3, 14:26:30, 0, 0, 2
i16, 3, 14:26:33, 0, 0, 2
i17, 3, 14:26:37, 0, 0, 2
i0, 3, 14:26:40, 0, 0, 2
i0, 3, 14:26:43, 0, 0, 2
i1, 3, 14:26:48, 0, 0, 2
i2, 3, 14:26:51, 0, 0, 2
i3, 3, 14:26:55, 0, 0, 2
i4, 3, 14:26:58, 0, 0, 2
i5, 3, 14:27:02, 0, 0, 2
i6, 3, 14:27:05, 0, 0, 2
i7, 3, 14:27:08, 0, 0, 2
i8, 3, 14:27:12, 0, 0, 2
i9, 3, 14:27:16, 0, 0, 2
i10, 3, 14:27:19, 0, 0, 2
i11, 3, 14:27:23, 0, 0, 2
i12, 3, 14:27:26, 0, 0, 2
i13, 3, 14:27:30, 0, 0, 2
i14, 3, 14:27:33, 0, 0, 2
i15, 3, 14:27:36, 0, 0, 2
i16, 3, 14:27:40, 0, 0, 2
i17, 3, 14:27:43, 0, 0, 2
i18, 3, 14:27:47, 0, 0, 2
i19, 3, 14:27:50, 0, 0, 2
i20, 3, 14:27:54, 0, 0, 2
i21, 3, 14:27:58, 0, 0, 2
i22, 3, 14:28:01, 0, 0, 2
i23, 3, 14:28:05, 0, 0, 2
i24, 3, 14:28:09, 0, 0, 2
i25, 3, 14:28:12, 0, 0, 2
i26, 3, 14:28:15, 0, 0, 2
i1, 3, 14:28:19, 0, 0, 2
i2, 3, 14:28:23, 0, 0, 2
i3, 3, 14:28:26, 0, 0, 2
i4, 3, 14:28:29, 0, 0, 2
i5, 3, 14:28:33, 0, 0, 2
i6, 3, 14:28:36, 0, 0, 2
i7, 3, 14:28:40, 0, 0, 2
i8, 3, 14:28:43, 0, 0, 2
i9, 3, 14:28:47, 0, 0, 2
i10, 3, 14:28:51, 0, 0, 2
i11, 3, 14:28:54, 0, 0, 2
i12, 3, 14:28:58, 0, 0, 2
i13, 3, 14:29:01, 0, 0, 2
i14, 3, 14:29:05, 0, 0, 2
i15, 3, 14:29:08, 0, 0, 2
i16, 3, 14:29:12, 0, 0, 2
i17, 3, 14:29:15, 0, 0, 2
i18, 3, 14:29:19, 0, 0, 2
i19, 3, 14:29:23, 0, 0, 2
i20, 3, 14:29:26, 0, 0, 2
i21, 3, 14:29:30, 0, 0, 2
i22, 3, 14:29:33, 0, 0, 2
i23, 3, 14:29:37, 0, 0, 2
i24, 3, 14:29:40, 0, 0, 2
i25, 3, 14:29:43, 0, 0, 2
i26, 3, 14:29:47, 0, 0, 2
i0, 3, 14:29:50, 0, 0, 2
i0, 3, 14:29:54, 0, 0, 2
i1, 3, 14:29:59, 0, 0, 2
i2, 3, 14:30:02, 0, 0, 2
i3, 3, 14:30:05, 0, 0, 2
i4, 3, 14:30:09, 0, 0, 2
i5, 3, 14:30:13, 0, 0, 2
i6, 3, 14:30:16, 0, 0, 2
i7, 3, 14:30:20, 0, 0, 2
i8, 3, 14:30:23, 0, 0, 2
i9, 3, 14:30:27, 0, 0, 2
i10, 3, 14:30:30, 0, 0, 2
i11, 3, 14:30:34, 0, 0, 2
i12, 3, 14:30:37, 0, 0, 2
i13, 3, 14:30:41, 0, 0, 2
i14, 3, 14:30:44, 0, 0, 2
i15, 3, 14:30:48, 0, 0, 2
i16, 3, 14:30:51, 0, 0, 2
i17, 3, 14:30:55, 0, 0, 2
i18, 3, 14:30:58, 0, 0, 2
i19, 3, 14:31:01, 0, 0, 2
i20, 3, 14:31:05, 0, 0, 2
i21, 3, 14:31:09, 0, 0, 2
i22, 3, 14:31:12, 0, 0, 2
i23, 3, 14:31:16, 0, 0, 2
i24, 3, 14:31:19, 0, 0, 2
i25, 3, 14:31:23, 0, 0, 2
i26, 3, 14:31:26, 0, 0, 2
i27, 3, 14:31:30, 0, 0, 2
i1, 3, 14:31:33, 0, 0, 2
i2, 3, 14:31:37, 0, 0, 2
i3, 3, 14:31:41, 0, 0, 2
i4, 3, 14:31:44, 0, 0, 2
i5, 3, 14:31:47, 0, 0, 2
i6, 3, 14:31:51, 0, 0, 2
i7, 3, 14:31:55, 0, 0, 2
i8, 3, 14:31:58, 0, 0, 2
i9, 3, 14:32:02, 0, 0, 2
i10, 3, 14:32:05, 0, 0, 2
i11, 3, 14:32:09, 0, 0, 2
i12, 3, 14:32:12, 0, 0, 2
i13, 3, 14:32:15, 0, 0, 2
i14, 3, 14:32:19, 0, 0, 2
i15, 3, 14:32:23, 0, 0, 2
i16, 3, 14:32:26, 0, 0, 2
i17, 3, 14:32:29, 0, 0, 2
i18, 3, 14:32:33, 0, 0, 2
i19, 3, 14:32:36, 0, 0, 2
i20, 3, 14:32:39, 0, 0, 2
i21, 3, 14:32:43, 0, 0, 2
i22, 3, 14:32:47, 0, 0, 2
i23, 3, 14:32:50, 0, 0, 2
i24, 3, 14:32:54, 0, 0, 2
i25, 3, 14:32:57, 0, 0, 2
i26, 3, 14:33:01, 0, 0, 2
i27, 3, 14:33:04, 0, 0, 2
i0, 3, 14:33:08, 0, 0, 2
i0, 3, 14:33:11, 0, 0, 2
i1, 3, 14:33:16, 0, 0, 2
i2, 3, 14:33:20, 0, 0, 2
i3, 3, 14:33:23, 0, 0, 2
i4, 3, 14:33:27, 0, 0, 2
i5, 3, 14:33:30, 0, 0, 2
i6, 3, 14:33:34, 0, 0, 2
i7, 3, 14:33:37, 0, 0, 2
i8, 3, 14:33:41, 0, 0, 2
i9, 3, 14:33:44, 0, 0, 2
i10, 3, 14:33:48, 0, 0, 2
i11, 3, 14:33:51, 0, 0, 2
i12, 3, 14:33:55, 0, 0, 2
i13, 3, 14:33:58, 0, 0, 2
i14, 3, 14:34:02, 0, 0, 2
i15, 3, 14:34:05, 0, 0, 2
i16, 3, 14:34:08, 0, 0, 2
i17, 3, 14:34:12, 0, 0, 2
i18, 3, 14:34:16, 0, 0, 2
i19, 3, 14:34:19, 0, 0, 2
i20, 3, 14:34:23, 0, 0, 2
i21, 3, 14:34:26, 0, 0, 2
i22, 3, 14:34:30, 0, 0, 2
i23, 3, 14:34:33, 0, 0, 2
i24, 3, 14:34:37, 0, 0, 2
i25, 3, 14:34:40, 0, 0, 2
i26, 3, 14:34:44, 0, 0, 2
i27, 3, 14:34:48, 0, 0, 2
i1, 3, 14:34:51, 0, 0, 2
i2, 3, 14:34:55, 0, 0, 2
i3, 3, 14:34:58, 0, 0, 2
i4, 3, 14:35:02, 0, 0, 2
i5, 3, 14:35:05, 0, 0, 2
i6, 3, 14:35:08, 0, 0, 2
i7, 3, 14:35:12, 0, 0, 2
i8, 3, 14:35:16, 0, 0, 2
i9, 3, 14:35:19, 0, 0, 2
i10, 3, 14:35:23, 0, 0, 2
i11, 3, 14:35:26, 0, 0, 2
i12, 3, 14:35:30, 0, 0, 2
i13, 3, 14:35:33, 0, 0, 2
i14, 3, 14:35:36, 0, 0, 2
i15, 3, 14:35:40, 0, 0, 2
i16, 3, 14:35:44, 0, 0, 2
i17, 3, 14:35:47, 0, 0, 2
i18, 3, 14:35:51, 0, 0, 2
i19, 3, 14:35:54, 0, 0, 2
i20, 3, 14:35:57, 0, 0, 2
i21, 3, 14:36:01, 0, 0, 2
i22, 3, 14:36:04, 0, 0, 2
i23, 3, 14:36:08, 0, 0, 2
i24, 3, 14:36:11, 0, 0, 2
i25, 3, 14:36:14, 0, 0, 2
i26, 3, 14:36:18, 0, 0, 2
i27, 3, 14:36:22, 0, 0, 2
i0, 3, 14:36:25, 0, 0, 2
i0, 3, 14:36:28, 0, 0, 2
i2, 4, 14:39:35, 0, 0, 3
i1, 4, 14:39:35, 0, 0, 3
i3, 4, 14:39:35, 0, 0, 3
i5, 3, 14:39:40, 0, 0, 2
i4, 4, 14:39:39, 0, 0, 2
i6, 4, 14:39:40, 0, 0, 2
i7, 3, 14:39:44, 0, 0, 2
i8, 3, 14:39:44, 0, 0, 2
i9, 3, 14:39:44, 0, 0, 2
i10, 3, 14:39:47, 0, 0, 2
i11, 3, 14:39:47, 0, 0, 2
i12, 3, 14:39:47, 0, 0, 2
i13, 3, 14:39:51, 0, 0, 2
i14, 3, 14:39:51, 0, 0, 2
i15, 3, 14:39:51, 0, 0, 2
i1, 3, 14:39:55, 0, 0, 2
i2, 3, 14:39:55, 0, 0, 2
i3, 3, 14:39:55, 0, 0, 2
i4, 3, 14:39:59, 0, 0, 2
i5, 3, 14:39:59, 0, 0, 2
i6, 3, 14:39:59, 0, 0, 2
i7, 3, 14:40:02, 0, 0, 2
i8, 3, 14:40:03, 0, 0, 2
i9, 3, 14:40:03, 0, 0, 2
i10, 3, 14:40:06, 0, 0, 2
i11, 3, 14:40:07, 0, 0, 2
i12, 3, 14:40:07, 0, 0, 2
i13, 3, 14:40:09, 0, 0, 2
i14, 3, 14:40:10, 0, 0, 2
i15, 3, 14:40:11, 0, 0, 2
i0, 4, 14:40:14, 0, 0, 3
i0, 3, 14:40:19, 0, 0, 2
i1, 3, 14:40:23, 0, 0, 2
i3, 3, 14:40:23, 0, 0, 2
i2, 3, 14:40:23, 0, 0, 2
i4, 3, 14:40:27, 0, 0, 2
i5, 3, 14:40:27, 0, 0, 2
i6, 3, 14:40:27, 0, 0, 2
i7, 3, 14:40:30, 0, 0, 2
i8, 3, 14:40:31, 0, 0, 2
i9, 3, 14:40:31, 0, 0, 2
i10, 3, 14:40:34, 0, 0, 2
i11, 4, 14:40:34, 0, 0, 2
i12, 4, 14:40:35, 0, 0, 2
i13, 3, 14:40:38, 0, 0, 2
i14, 3, 14:40:38, 0, 0, 2
i15, 3, 14:40:39, 0, 0, 2
i16, 3, 14:40:42, 0, 0, 2
i17, 3, 14:40:42, 0, 0, 2
i18, 3, 14:40:43, 0, 0, 2
i1, 3, 14:40:46, 0, 0, 2
i3, 3, 14:40:46, 0, 0, 2
i2, 3, 14:40:46, 0, 0, 2
i4, 3, 14:40:50, 0, 0, 2
i5, 3, 14:40:50, 0, 0, 2
i6, 3, 14:40:50, 0, 0, 2
i7, 3, 14:40:53, 0, 0, 2
i8, 3, 14:40:54, 0, 0, 2
i9, 3, 14:40:54, 0, 0, 2
i10, 3, 14:40:57, 0, 0, 2
i11, 3, 14:40:58, 0, 0, 2
i12, 4, 14:40:58, 0, 0, 2
i13, 3, 14:41:01, 0, 0, 2
i2, 4, 14:41:49, 0, 0, 3
i3, 4, 14:41:49, 0, 0, 3
i1, 4, 14:41:49, 0, 0, 3
i4, 4, 14:41:53, 0, 0, 2
i5, 4, 14:41:53, 0, 0, 2
i6, 3, 14:41:53, 0, 0, 2
i9, 3, 14:41:57, 0, 0, 2
i7, 3, 14:41:57, 0, 0, 2
i8, 3, 14:41:57, 0, 0, 2
i10, 3, 14:42:01, 0, 0, 2
i11, 3, 14:42:01, 0, 0, 2
i12, 3, 14:42:01, 0, 0, 2
i13, 3, 14:42:05, 0, 0, 2
i14, 3, 14:42:05, 0, 0, 2
i15, 3, 14:42:05, 0, 0, 2
i16, 3, 14:42:08, 0, 0, 2
i17, 3, 14:42:09, 0, 0, 2
i18, 3, 14:42:09, 0, 0, 2
i0, 4, 14:42:12, 0, 0, 3
i0, 3, 14:42:17, 0, 0, 2
i1, 3, 14:42:21, 0, 0, 2
i3, 3, 14:42:21, 0, 0, 2
i2, 3, 14:42:21, 0, 0, 2
i4, 3, 14:42:25, 0, 0, 2
i5, 3, 14:42:25, 0, 0, 2
i6, 3, 14:42:25, 0, 0, 2
i7, 3, 14:42:29, 0, 0, 2
i9, 3, 14:42:29, 0, 0, 2
i8, 3, 14:42:29, 0, 0, 2
i1, 4, 14:45:17, 0, 0, 3
i2, 4, 14:45:17, 0, 0, 3
i4, 3, 14:45:21, 0, 0, 2
i3, 3, 14:45:21, 0, 0, 2
i5, 3, 14:45:25, 0, 0, 2
i6, 3, 14:45:25, 0, 0, 2
i7, 3, 14:45:29, 0, 0, 2
i8, 3, 14:45:29, 0, 0, 2
i9, 3, 14:45:33, 0, 0, 2
i10, 3, 14:45:33, 0, 0, 2
i11, 3, 14:45:36, 0, 0, 2
i12, 3, 14:45:37, 0, 0, 2
i13, 3, 14:45:40, 0, 0, 2
i14, 3, 14:45:40, 0, 0, 2
i15, 3, 14:45:44, 0, 0, 2
i16, 3, 14:45:44, 0, 0, 2
i17, 3, 14:45:48, 0, 0, 2
i18, 3, 14:45:48, 0, 0, 2
i19, 3, 14:45:52, 0, 0, 2
i20, 3, 14:45:52, 0, 0, 2
i21, 3, 14:45:55, 0, 0, 2
i22, 3, 14:45:56, 0, 0, 2
i23, 3, 14:45:59, 0, 0, 2
i24, 3, 14:45:59, 0, 0, 2
i25, 3, 14:46:03, 0, 0, 2
i26, 3, 14:46:03, 0, 0, 2
i2, 3, 14:46:07, 0, 0, 2
i1, 3, 14:46:07, 0, 0, 2
i3, 3, 14:46:11, 0, 0, 2
i4, 3, 14:46:11, 0, 0, 2
i5, 3, 14:46:14, 0, 0, 2
i6, 3, 14:46:14, 0, 0, 2
i7, 3, 14:46:18, 0, 0, 2
i8, 3, 14:46:18, 0, 0, 2
i9, 3, 14:46:22, 0, 0, 2
i10, 3, 14:46:22, 0, 0, 2
i11, 3, 14:46:26, 0, 0, 2
i12, 3, 14:46:26, 0, 0, 2
i13, 3, 14:46:29, 0, 0, 2
i14, 3, 14:46:30, 0, 0, 2
i15, 3, 14:46:33, 0, 0, 2
i16, 3, 14:46:33, 0, 0, 2
i17, 3, 14:46:37, 0, 0, 2
i18, 3, 14:46:37, 0, 0, 2
i19, 3, 14:46:41, 0, 0, 2
i20, 3, 14:46:41, 0, 0, 2
i21, 3, 14:46:44, 0, 0, 2
i22, 3, 14:46:45, 0, 0, 2
i23, 3, 14:46:48, 0, 0, 2
i24, 3, 14:46:48, 0, 0, 2
i25, 3, 14:46:52, 0, 0, 2
i26, 3, 14:46:52, 0, 0, 2
i0, 3, 14:46:56, 0, 0, 2
i0, 3, 14:47:00, 0, 0, 2
i2, 3, 14:47:04, 0, 0, 2
i1, 3, 14:47:04, 0, 0, 2
i3, 3, 14:47:08, 0, 0, 2
i4, 3, 14:47:08, 0, 0, 2
i5, 3, 14:47:12, 0, 0, 2
i6, 3, 14:47:12, 0, 0, 2
i8, 3, 14:47:16, 0, 0, 2
i7, 3, 14:47:16, 0, 0, 2
i9, 3, 14:47:20, 0, 0, 2
i10, 3, 14:47:20, 0, 0, 2
i11, 3, 14:47:23, 0, 0, 2
i12, 3, 14:47:23, 0, 0, 2
i13, 3, 14:47:27, 0, 0, 2
i14, 3, 14:47:27, 0, 0, 2
i15, 3, 14:47:31, 0, 0, 2
i16, 3, 14:47:31, 0, 0, 2
i17, 3, 14:47:35, 0, 0, 2
i18, 3, 14:47:35, 0, 0, 2
i19, 3, 14:47:38, 0, 0, 2
i20, 3, 14:47:38, 0, 0, 2
i21, 3, 14:47:42, 0, 0, 2
i22, 3, 14:47:42, 0, 0, 2
i23, 3, 14:47:46, 0, 0, 2
i24, 3, 14:47:46, 0, 0, 2
i25, 3, 14:47:50, 0, 0, 2
i26, 3, 14:47:50, 0, 0, 2
i27, 3, 14:47:53, 0, 0, 2
i28, 3, 14:47:53, 0, 0, 2
i1, 3, 14:47:57, 0, 0, 2
i2, 3, 14:47:57, 0, 0, 2
i4, 3, 14:48:01, 0, 0, 2
i3, 3, 14:48:01, 0, 0, 2
i5, 3, 14:48:05, 0, 0, 2
i6, 3, 14:48:05, 0, 0, 2
i8, 3, 14:48:09, 0, 0, 2
i7, 3, 14:48:09, 0, 0, 2
i10, 3, 14:48:12, 0, 0, 2
i9, 3, 14:48:12, 0, 0, 2
i12, 3, 14:48:16, 0, 0, 2
i11, 3, 14:48:16, 0, 0, 2
i13, 3, 14:48:20, 0, 0, 2
i14, 3, 14:48:20, 0, 0, 2
i16, 3, 14:48:24, 0, 0, 2
i15, 3, 14:48:23, 0, 0, 2
i18, 3, 14:48:27, 0, 0, 2
i17, 3, 14:48:27, 0, 0, 2
i19, 3, 14:48:31, 0, 0, 2
i20, 3, 14:48:31, 0, 0, 2
i21, 3, 14:48:35, 0, 0, 2
i22, 3, 14:48:35, 0, 0, 2
i23, 3, 14:48:39, 0, 0, 2
i24, 3, 14:48:39, 0, 0, 2
i25, 3, 14:48:42, 0, 0, 2
i26, 3, 14:48:42, 0, 0, 2
i28, 3, 14:48:46, 0, 0, 2
i27, 3, 14:48:46, 0, 0, 2
i0, 4, 14:48:50, 0, 0, 3
i0, 3, 14:48:54, 0, 0, 2
i2, 3, 14:48:59, 0, 0, 2
i1, 3, 14:48:59, 0, 0, 2
i3, 3, 14:49:03, 0, 0, 2
i4, 3, 14:49:03, 0, 0, 2
i5, 3, 14:49:06, 0, 0, 2
i6, 4, 14:49:06, 0, 0, 3
i7, 3, 14:49:10, 0, 0, 2
i8, 3, 14:49:10, 0, 0, 2
i9, 3, 14:49:14, 0, 0, 2
i10, 3, 14:49:14, 0, 0, 2
i11, 3, 14:49:17, 0, 0, 2
i12, 3, 14:49:18, 0, 0, 2
i13, 3, 14:49:21, 0, 0, 2
i14, 3, 14:49:22, 0, 0, 2
i15, 3, 14:49:25, 0, 0, 2
i16, 3, 14:49:25, 0, 0, 2
i17, 3, 14:49:28, 0, 0, 2
i18, 3, 14:49:29, 0, 0, 2
i19, 3, 14:49:32, 0, 0, 2
i20, 3, 14:49:33, 0, 0, 2
i21, 3, 14:49:36, 0, 0, 2
i22, 3, 14:49:36, 0, 0, 2
i23, 3, 14:49:40, 0, 0, 2
i24, 3, 14:49:40, 0, 0, 2
i25, 3, 14:49:43, 0, 0, 2
i26, 3, 14:49:44, 0, 0, 2
i27, 3, 14:49:47, 0, 0, 2
i28, 3, 14:49:48, 0, 0, 2
i2, 3, 14:49:52, 0, 0, 2
i1, 3, 14:49:52, 0, 0, 2
i3, 3, 14:49:55, 0, 0, 2
i4, 3, 14:49:55, 0, 0, 2
i5, 3, 14:49:59, 0, 0, 2
i6, 3, 14:49:59, 0, 0, 2
i7, 3, 14:50:03, 0, 0, 2
i8, 3, 14:50:03, 0, 0, 2
i9, 3, 14:50:07, 0, 0, 2
i10, 3, 14:50:07, 0, 0, 2
i11, 3, 14:50:10, 0, 0, 2
i12, 3, 14:50:10, 0, 0, 2
i14, 3, 14:50:14, 0, 0, 2
i13, 3, 14:50:14, 0, 0, 2
i16, 3, 14:50:18, 0, 0, 2
i15, 3, 14:50:18, 0, 0, 2
i17, 3, 14:50:21, 0, 0, 2
i18, 3, 14:50:21, 0, 0, 2
i20, 3, 14:50:25, 0, 0, 2
i19, 3, 14:50:25, 0, 0, 2
i21, 3, 14:50:29, 0, 0, 2
i22, 3, 14:50:29, 0, 0, 2
i24, 3, 14:50:32, 0, 0, 2
i23, 3, 14:50:32, 0, 0, 2
i26, 3, 14:50:36, 0, 0, 2
i25, 3, 14:50:36, 0, 0, 2
i27, 3, 14:50:40, 0, 0, 2
i28, 3, 14:50:40, 0, 0, 2
i0, 3, 14:50:44, 0, 0, 2
i0, 3, 14:50:48, 0, 0, 2
i1, 3, 15:22:09, 0, 0, 2
i2, 3, 15:22:12, 0, 0, 2
i3, 3, 15:22:16, 0, 0, 2
i4, 3, 15:22:20, 0, 0, 2
i5, 3, 15:22:23, 0, 0, 2
i6, 3, 15:22:27, 0, 0, 2
i7, 3, 15:22:31, 0, 0, 2
i8, 3, 15:22:34, 0, 0, 2
i9, 3, 15:22:37, 0, 0, 2
i10, 3, 15:22:41, 0, 0, 2
i11, 3, 15:22:44, 0, 0, 2
i12, 3, 15:22:48, 0, 0, 2
i13, 3, 15:22:51, 0, 0, 2
i1, 3, 15:22:54, 0, 0, 2
i2, 3, 15:22:58, 0, 0, 2
i3, 3, 15:23:01, 0, 0, 2
i4, 3, 15:23:05, 0, 0, 2
i5, 3, 15:23:09, 0, 0, 2
i6, 3, 15:23:12, 0, 0, 2
i7, 3, 15:23:16, 0, 0, 2
i8, 3, 15:23:19, 0, 0, 2
i9, 3, 15:23:22, 0, 0, 2
i10, 3, 15:23:26, 0, 0, 2
i11, 3, 15:23:30, 0, 0, 2
i12, 3, 15:23:33, 0, 0, 2
i13, 3, 15:23:37, 0, 0, 2
i0, 3, 15:23:40, 0, 0, 2
i0, 3, 15:23:44, 0, 0, 2
i1, 3, 15:23:48, 0, 0, 2
i2, 3, 15:23:51, 0, 0, 2
i3, 3, 15:23:55, 0, 0, 2
i4, 3, 15:23:58, 0, 0, 2
i5, 3, 15:24:02, 0, 0, 2
i6, 3, 15:24:05, 0, 0, 2
i7, 3, 15:24:09, 0, 0, 2
i8, 3, 15:24:12, 0, 0, 2
i9, 3, 15:24:16, 0, 0, 2
i10, 3, 15:24:19, 0, 0, 2
i11, 3, 15:24:23, 0, 0, 2
i12, 3, 15:24:26, 0, 0, 2
i13, 3, 15:24:30, 0, 0, 2
i14, 3, 15:24:33, 0, 0, 2
i15, 3, 15:24:37, 0, 0, 2
i16, 3, 15:24:40, 0, 0, 2
i17, 3, 15:24:44, 0, 0, 2
i1, 3, 15:24:47, 0, 0, 2
i2, 3, 15:24:50, 0, 0, 2
i3, 3, 15:24:54, 0, 0, 2
i4, 3, 15:24:58, 0, 0, 2
i5, 3, 15:25:01, 0, 0, 2
i6, 3, 15:25:05, 0, 0, 2
i7, 3, 15:25:09, 0, 0, 2
i8, 3, 15:25:12, 0, 0, 2
i9, 3, 15:25:15, 0, 0, 2
i10, 3, 15:25:19, 0, 0, 2
i11, 3, 15:25:23, 0, 0, 2
i12, 3, 15:25:26, 0, 0, 2
i13, 3, 15:25:30, 0, 0, 2
i14, 3, 15:25:33, 0, 0, 2
i15, 3, 15:25:36, 0, 0, 2
i16, 3, 15:25:40, 0, 0, 2
i17, 3, 15:25:43, 0, 0, 2
i0, 3, 15:25:47, 0, 0, 2
i0, 3, 15:25:51, 0, 0, 2
i1, 3, 15:25:55, 0, 0, 2
i2, 3, 15:25:59, 0, 0, 2
i3, 3, 15:26:02, 0, 0, 2
i4, 3, 15:26:06, 0, 0, 2
i5, 3, 15:26:09, 0, 0, 2
i6, 3, 15:26:13, 0, 0, 2
i7, 3, 15:26:16, 0, 0, 2
i8, 3, 15:26:20, 0, 0, 2
i9, 3, 15:26:23, 0, 0, 2
i10, 3, 15:26:27, 0, 0, 2
i11, 3, 15:26:31, 0, 0, 2
i12, 3, 15:26:34, 0, 0, 2
i13, 3, 15:26:38, 0, 0, 2
i14, 3, 15:26:41, 0, 0, 2
i15, 3, 15:26:45, 0, 0, 2
i16, 3, 15:26:48, 0, 0, 2
i17, 4, 15:26:52, 0, 0, 2
i18, 3, 15:26:56, 0, 0, 2
i19, 3, 15:26:59, 0, 0, 2
i20, 3, 15:27:03, 0, 0, 2
i21, 3, 15:27:07, 0, 0, 2
i22, 3, 15:27:10, 0, 0, 2
i23, 3, 15:27:13, 0, 0, 2
i24, 3, 15:27:17, 0, 0, 2
i25, 3, 15:27:20, 0, 0, 2
i26, 3, 15:27:24, 0, 0, 2
i1, 3, 15:27:28, 0, 0, 2
i2, 3, 15:27:31, 0, 0, 2
i3, 3, 15:27:35, 0, 0, 2
i4, 3, 15:27:38, 0, 0, 2
i5, 3, 15:27:42, 0, 0, 2
i6, 3, 15:27:46, 0, 0, 2
i7, 3, 15:27:49, 0, 0, 2
i8, 3, 15:27:53, 0, 0, 2
i9, 3, 15:27:56, 0, 0, 2
i10, 3, 15:28:00, 0, 0, 2
i11, 3, 15:28:03, 0, 0, 2
i12, 3, 15:28:07, 0, 0, 2
i13, 3, 15:28:11, 0, 0, 2
i14, 3, 15:28:14, 0, 0, 2
i15, 3, 15:28:18, 0, 0, 2
i16, 3, 15:28:21, 0, 0, 2
i17, 3, 15:28:25, 0, 0, 2
i18, 3, 15:28:28, 0, 0, 2
i19, 3, 15:28:32, 0, 0, 2
i20, 3, 15:28:36, 0, 0, 2
i21, 3, 15:28:39, 0, 0, 2
i22, 3, 15:28:42, 0, 0, 2
i23, 3, 15:28:46, 0, 0, 2
i24, 3, 15:28:49, 0, 0, 2
i25, 3, 15:28:53, 0, 0, 2
i26, 3, 15:28:57, 0, 0, 2
i0, 3, 15:29:01, 0, 0, 2
i0, 3, 15:29:04, 0, 0, 2
i1, 3, 15:29:08, 0, 0, 2
i2, 3, 15:29:12, 0, 0, 2
i3, 3, 15:29:15, 0, 0, 2
i4, 3, 15:29:19, 0, 0, 2
i5, 4, 15:29:22, 0, 0, 2
i6, 3, 15:29:26, 0, 0, 2
i7, 3, 15:29:30, 0, 0, 2
i8, 3, 15:29:33, 0, 0, 2
i9, 3, 15:29:37, 0, 0, 2
i10, 3, 15:29:40, 0, 0, 2
i11, 3, 15:29:44, 0, 0, 2
i12, 4, 15:29:47, 0, 0, 2
i13, 3, 15:29:51, 0, 0, 2
i14, 3, 15:29:55, 0, 0, 2
i15, 3, 15:29:58, 0, 0, 2
i16, 3, 15:30:02, 0, 0, 2
i17, 3, 15:30:06, 0, 0, 2
i18, 3, 15:30:09, 0, 0, 2
i19, 3, 15:30:12, 0, 0, 2
i20, 3, 15:30:16, 0, 0, 2
i21, 3, 15:30:19, 0, 0, 2
i22, 3, 15:30:23, 0, 0, 2
i23, 3, 15:30:27, 0, 0, 2
i24, 3, 15:30:30, 0, 0, 2
i25, 3, 15:30:34, 0, 0, 2
i26, 3, 15:30:38, 0, 0, 2
i27, 3, 15:30:41, 0, 0, 2
i1, 3, 15:30:44, 0, 0, 2
i2, 3, 15:30:48, 0, 0, 2
i3, 3, 15:30:51, 0, 0, 2
i4, 3, 15:30:55, 0, 0, 2
i5, 3, 15:30:58, 0, 0, 2
i6, 3, 15:31:02, 0, 0, 2
i7, 3, 15:31:06, 0, 0, 2
i8, 3, 15:31:09, 0, 0, 2
i9, 3, 15:31:13, 0, 0, 2
i10, 3, 15:31:16, 0, 0, 2
i11, 3, 15:31:20, 0, 0, 2
i12, 3, 15:31:23, 0, 0, 2
i13, 3, 15:31:27, 0, 0, 2
i14, 3, 15:31:31, 0, 0, 2
i15, 3, 15:31:34, 0, 0, 2
i16, 3, 15:31:38, 0, 0, 2
i17, 3, 15:31:42, 0, 0, 2
i18, 3, 15:31:45, 0, 0, 2
i19, 3, 15:31:48, 0, 0, 2
i20, 3, 15:31:52, 0, 0, 2
i21, 3, 15:31:55, 0, 0, 2
i22, 3, 15:31:59, 0, 0, 2
i23, 3, 15:32:03, 0, 0, 2
i24, 3, 15:32:06, 0, 0, 2
i25, 3, 15:32:10, 0, 0, 2
i26, 3, 15:32:14, 0, 0, 2
i27, 3, 15:32:17, 0, 0, 2
i0, 3, 15:32:21, 0, 0, 2
i0, 3, 15:32:24, 0, 0, 2
i1, 3, 15:32:29, 0, 0, 2
i2, 3, 15:32:33, 0, 0, 2
i3, 3, 15:32:36, 0, 0, 2
i4, 3, 15:32:40, 0, 0, 2
i5, 3, 15:32:43, 0, 0, 2
i6, 3, 15:32:47, 0, 0, 2
i7, 3, 15:32:50, 0, 0, 2
i8, 3, 15:32:54, 0, 0, 2
i9, 3, 15:32:58, 0, 0, 2
i10, 3, 15:33:01, 0, 0, 2
i11, 3, 15:33:05, 0, 0, 2
i12, 3, 15:33:09, 0, 0, 2
i13, 3, 15:33:12, 0, 0, 2
i14, 3, 15:33:16, 0, 0, 2
i15, 3, 15:33:19, 0, 0, 2
i16, 3, 15:33:23, 0, 0, 2
i17, 3, 15:33:27, 0, 0, 2
i18, 3, 15:33:30, 0, 0, 2
i19, 3, 15:33:33, 0, 0, 2
i20, 3, 15:33:37, 0, 0, 2
i21, 3, 15:33:41, 0, 0, 2
i22, 3, 15:33:44, 0, 0, 2
i23, 3, 15:33:48, 0, 0, 2
i24, 3, 15:33:52, 0, 0, 2
i25, 3, 15:33:55, 0, 0, 2
i26, 3, 15:33:59, 0, 0, 2
i27, 3, 15:34:03, 0, 0, 2
i1, 3, 15:34:06, 0, 0, 2
i2, 3, 15:34:10, 0, 0, 2
i3, 3, 15:34:14, 0, 0, 2
i4, 3, 15:34:17, 0, 0, 2
i5, 3, 15:34:21, 0, 0, 2
i6, 3, 15:34:24, 0, 0, 2
i7, 3, 15:34:28, 0, 0, 2
i8, 3, 15:34:31, 0, 0, 2
i9, 3, 15:34:35, 0, 0, 2
i10, 3, 15:34:38, 0, 0, 2
i11, 3, 15:34:42, 0, 0, 2
i12, 3, 15:34:45, 0, 0, 2
i13, 3, 15:34:49, 0, 0, 2
i14, 3, 15:34:53, 0, 0, 2
i15, 3, 15:34:56, 0, 0, 2
i16, 3, 15:35:00, 0, 0, 2
i17, 3, 15:35:03, 0, 0, 2
i18, 3, 15:35:07, 0, 0, 2
i19, 3, 15:35:11, 0, 0, 2
i20, 3, 15:35:14, 0, 0, 2
i21, 3, 15:35:18, 0, 0, 2
i22, 3, 15:35:21, 0, 0, 2
i23, 3, 15:35:25, 0, 0, 2
i24, 3, 15:35:28, 0, 0, 2
i25, 3, 15:35:32, 0, 0, 2
i26, 3, 15:35:36, 0, 0, 2
i27, 3, 15:35:39, 0, 0, 2
i0, 3, 15:35:42, 0, 0, 2
i0, 3, 15:35:46, 0, 0, 2
i3, 4, 15:35:54, 0, 0, 3
i2, 4, 15:35:54, 0, 0, 3
i1, 4, 15:35:54, 0, 0, 3
i4, 3, 15:35:59, 0, 0, 2
i5, 3, 15:35:59, 0, 0, 2
i6, 3, 15:35:59, 0, 0, 2
i7, 3, 15:36:02, 0, 0, 2
i9, 3, 15:36:03, 0, 0, 2
i8, 3, 15:36:02, 0, 0, 2
i11, 3, 15:36:06, 0, 0, 2
i10, 4, 15:36:06, 0, 0, 2
i12, 3, 15:36:06, 0, 0, 2
i13, 3, 15:36:10, 0, 0, 2
i14, 3, 15:36:10, 0, 0, 2
i15, 3, 15:36:10, 0, 0, 2
i1, 3, 15:36:14, 0, 0, 2
i3, 3, 15:36:14, 0, 0, 2
i2, 3, 15:36:14, 0, 0, 2
i4, 3, 15:36:17, 0, 0, 2
i5, 3, 15:36:18, 0, 0, 2
i6, 3, 15:36:18, 0, 0, 2
i7, 3, 15:36:21, 0, 0, 2
i8, 3, 15:36:21, 0, 0, 2
i9, 3, 15:36:22, 0, 0, 2
i10, 3, 15:36:24, 0, 0, 2
i11, 3, 15:36:25, 0, 0, 2
i12, 3, 15:36:25, 0, 0, 2
i13, 3, 15:36:28, 0, 0, 2
i14, 3, 15:36:29, 0, 0, 2
i15, 3, 15:36:29, 0, 0, 2
i0, 3, 15:36:33, 0, 0, 2
i0, 4, 15:36:37, 0, 0, 3
i1, 3, 15:36:42, 0, 0, 2
i3, 3, 15:36:42, 0, 0, 2
i2, 3, 15:36:42, 0, 0, 2
i4, 3, 15:36:45, 0, 0, 2
i6, 3, 15:36:46, 0, 0, 2
i5, 3, 15:36:46, 0, 0, 2
i7, 3, 15:36:49, 0, 0, 2
i8, 3, 15:36:49, 0, 0, 2
i9, 3, 15:36:49, 0, 0, 2
i10, 3, 15:36:53, 0, 0, 2
i11, 3, 15:36:53, 0, 0, 2
i12, 3, 15:36:53, 0, 0, 2
i13, 3, 15:36:56, 0, 0, 2
i14, 3, 15:36:57, 0, 0, 2
i15, 3, 15:36:57, 0, 0, 2
i16, 3, 15:37:00, 0, 0, 2
i17, 3, 15:37:00, 0, 0, 2
i18, 3, 15:37:01, 0, 0, 2
i1, 3, 15:37:05, 0, 0, 2
i3, 3, 15:37:05, 0, 0, 2
i2, 3, 15:37:05, 0, 0, 2
i4, 3, 15:37:08, 0, 0, 2
i5, 3, 15:37:08, 0, 0, 2
i6, 3, 15:37:09, 0, 0, 2
i7, 3, 15:37:12, 0, 0, 2
i8, 3, 15:37:12, 0, 0, 2
i9, 3, 15:37:12, 0, 0, 2
i10, 3, 15:37:15, 0, 0, 2
i11, 3, 15:37:16, 0, 0, 2
i12, 3, 15:37:16, 0, 0, 2
i13, 3, 15:37:19, 0, 0, 2
i14, 3, 15:37:20, 0, 0, 2
i15, 3, 15:37:20, 0, 0, 2
i16, 3, 15:37:23, 0, 0, 2
i17, 3, 15:37:23, 0, 0, 2
i18, 3, 15:37:24, 0, 0, 2
i0, 3, 15:37:28, 0, 0, 2
i0, 3, 15:37:31, 0, 0, 2
i1, 3, 15:37:36, 0, 0, 2
i3, 3, 15:37:36, 0, 0, 2
i2, 3, 15:37:36, 0, 0, 2
i4, 3, 15:37:40, 0, 0, 2
i6, 3, 15:37:40, 0, 0, 2
i5, 3, 15:37:40, 0, 0, 2
i7, 3, 15:37:43, 0, 0, 2
i8, 3, 15:37:44, 0, 0, 2
i9, 3, 15:37:44, 0, 0, 2
i10, 3, 15:37:47, 0, 0, 2
i12, 3, 15:37:48, 0, 0, 2
i11, 4, 15:37:47, 0, 0, 2
i13, 3, 15:37:50, 0, 0, 2
i15, 3, 15:37:51, 0, 0, 2
i14, 3, 15:37:51, 0, 0, 2
i16, 3, 15:37:54, 0, 0, 2
i17, 3, 15:37:55, 0, 0, 2
i18, 4, 15:37:55, 0, 0, 3
i19, 3, 15:37:57, 0, 0, 2
i20, 3, 15:37:59, 0, 0, 2
i21, 3, 15:37:59, 0, 0, 2
i22, 3, 15:38:01, 0, 0, 2
i23, 3, 15:38:03, 0, 0, 2
i24, 3, 15:38:03, 0, 0, 2
i25, 3, 15:38:05, 0, 0, 2
i26, 3, 15:38:07, 0, 0, 2
i27, 4, 15:38:07, 0, 0, 2
i1, 3, 15:38:11, 0, 0, 2
i2, 3, 15:38:11, 0, 0, 2
i3, 4, 15:38:11, 0, 0, 2
i4, 3, 15:38:15, 0, 0, 2
i5, 3, 15:38:15, 0, 0, 2
i6, 3, 15:38:15, 0, 0, 2
i7, 3, 15:38:18, 0, 0, 2
i8, 3, 15:38:19, 0, 0, 2
i9, 3, 15:38:19, 0, 0, 2
i10, 3, 15:38:22, 0, 0, 2
i11, 3, 15:38:23, 0, 0, 2
i12, 3, 15:38:23, 0, 0, 2
i13, 3, 15:38:26, 0, 0, 2
i15, 3, 15:38:27, 0, 0, 2
i14, 3, 15:38:27, 0, 0, 2
i16, 3, 15:38:29, 0, 0, 2
i17, 3, 15:38:30, 0, 0, 2
i18, 3, 15:38:31, 0, 0, 2
i19, 3, 15:38:33, 0, 0, 2
i20, 3, 15:38:34, 0, 0, 2
i21, 3, 15:38:34, 0, 0, 2
i22, 3, 15:38:36, 0, 0, 2
i23, 3, 15:38:38, 0, 0, 2
i24, 3, 15:38:38, 0, 0, 2
i25, 3, 15:38:40, 0, 0, 2
i27, 3, 15:38:42, 0, 0, 2
i26, 4, 15:38:42, 0, 0, 2
i0, 4, 15:38:46, 0, 0, 2
i0, 3, 15:38:51, 0, 0, 2
i1, 3, 15:38:56, 0, 0, 2
i2, 3, 15:38:56, 0, 0, 2
i3, 3, 15:38:56, 0, 0, 2
i4, 3, 15:38:59, 0, 0, 2
i5, 3, 15:38:59, 0, 0, 2
i6, 3, 15:39:00, 0, 0, 2
i7, 3, 15:39:03, 0, 0, 2
i8, 3, 15:39:03, 0, 0, 2
i9, 3, 15:39:03, 0, 0, 2
i10, 3, 15:39:06, 0, 0, 2
i11, 3, 15:39:07, 0, 0, 2
i12, 3, 15:39:07, 0, 0, 2
i13, 3, 15:39:10, 0, 0, 2
i14, 3, 15:39:11, 0, 0, 2
i15, 3, 15:39:11, 0, 0, 2
i16, 3, 15:39:14, 0, 0, 2
i17, 3, 15:39:14, 0, 0, 2
i18, 3, 15:39:15, 0, 0, 2
i19, 3, 15:39:17, 0, 0, 2
i20, 3, 15:39:18, 0, 0, 2
i21, 3, 15:39:18, 0, 0, 2
i22, 3, 15:39:21, 0, 0, 2
i24, 3, 15:39:22, 0, 0, 2
i23, 3, 15:39:22, 0, 0, 2
i25, 3, 15:39:24, 0, 0, 2
i26, 3, 15:39:26, 0, 0, 2
i27, 3, 15:39:26, 0, 0, 2
i1, 3, 15:39:30, 0, 0, 2
i2, 3, 15:39:30, 0, 0, 2
i3, 3, 15:39:30, 0, 0, 2
i4, 3, 15:39:34, 0, 0, 2
i6, 3, 15:39:34, 0, 0, 2
i5, 3, 15:39:34, 0, 0, 2
i7, 3, 15:39:37, 0, 0, 2
i9, 3, 15:39:38, 0, 0, 2
i8, 3, 15:39:38, 0, 0, 2
i10, 3, 15:39:41, 0, 0, 2
i11, 3, 15:39:41, 0, 0, 2
i12, 3, 15:39:41, 0, 0, 2
i13, 3, 15:39:45, 0, 0, 2
i14, 3, 15:39:45, 0, 0, 2
i15, 3, 15:39:45, 0, 0, 2
i16, 3, 15:39:48, 0, 0, 2
i17, 3, 15:39:49, 0, 0, 2
i18, 3, 15:39:49, 0, 0, 2
i19, 3, 15:39:52, 0, 0, 2
i20, 3, 15:39:52, 0, 0, 2
i21, 3, 15:39:53, 0, 0, 2
i22, 3, 15:39:56, 0, 0, 2
i23, 3, 15:39:56, 0, 0, 2
i24, 3, 15:39:57, 0, 0, 2
i25, 3, 15:39:59, 0, 0, 2
i26, 3, 15:40:00, 0, 0, 2
i27, 3, 15:40:00, 0, 0, 2
i0, 4, 15:40:04, 0, 0, 3
i0, 3, 15:40:09, 0, 0, 2
i2, 3, 15:40:14, 0, 0, 2
i1, 3, 15:40:14, 0, 0, 2
i3, 3, 15:40:14, 0, 0, 2
i5, 3, 15:40:17, 0, 0, 2
i6, 3, 15:40:17, 0, 0, 2
i4, 3, 15:40:17, 0, 0, 2
i7, 3, 15:40:21, 0, 0, 2
i8, 3, 15:40:21, 0, 0, 2
i9, 3, 15:40:21, 0, 0, 2
i10, 3, 15:40:25, 0, 0, 2
i11, 3, 15:40:25, 0, 0, 2
i12, 3, 15:40:25, 0, 0, 2
i13, 3, 15:40:28, 0, 0, 2
i14, 3, 15:40:29, 0, 0, 2
i15, 3, 15:40:29, 0, 0, 2
i16, 3, 15:40:32, 0, 0, 2
i17, 3, 15:40:32, 0, 0, 2
i18, 3, 15:40:33, 0, 0, 2
i19, 3, 15:40:35, 0, 0, 2
i20, 3, 15:40:36, 0, 0, 2
i21, 3, 15:40:36, 0, 0, 2
i22, 3, 15:40:39, 0, 0, 2
i23, 3, 15:40:40, 0, 0, 2
i24, 3, 15:40:40, 0, 0, 2
i25, 3, 15:40:43, 0, 0, 2
i26, 3, 15:40:44, 0, 0, 2
i27, 3, 15:40:44, 0, 0, 2
i1, 3, 15:40:48, 0, 0, 2
i2, 3, 15:40:48, 0, 0, 2
i3, 3, 15:40:48, 0, 0, 2
i4, 3, 15:40:52, 0, 0, 2
i5, 3, 15:40:52, 0, 0, 2
i6, 3, 15:40:52, 0, 0, 2
i7, 3, 15:40:55, 0, 0, 2
i8, 3, 15:40:56, 0, 0, 2
i9, 3, 15:40:56, 0, 0, 2
i10, 3, 15:40:59, 0, 0, 2
i11, 3, 15:40:59, 0, 0, 2
i12, 3, 15:41:00, 0, 0, 2
i13, 3, 15:41:02, 0, 0, 2
i14, 3, 15:41:03, 0, 0, 2
i15, 3, 15:41:03, 0, 0, 2
i16, 3, 15:41:06, 0, 0, 2
i17, 3, 15:41:07, 0, 0, 2
i18, 3, 15:41:07, 0, 0, 2
i19, 3, 15:41:09, 0, 0, 2
i20, 4, 15:41:11, 0, 0, 2
i21, 3, 15:41:11, 0, 0, 2
i22, 3, 15:41:13, 0, 0, 2
i23, 3, 15:41:15, 0, 0, 2
i24, 3, 15:41:15, 0, 0, 2
i25, 3, 15:41:16, 0, 0, 2
i26, 3, 15:41:19, 0, 0, 2
i27, 3, 15:41:19, 0, 0, 2
i0, 3, 15:41:23, 0, 0, 2
i0, 3, 15:41:26, 0, 0, 2
